Created by PLY version 3.11 (http://www.dabeaz.com/ply)

Unused terminals:

    LCURLY
    NOT
    RCURLY

Grammar

Rule 0     S' -> expression
Rule 1     expression -> expression PLUS term
Rule 2     expression -> expression MINUS term
Rule 3     expression -> expression TIMES factor
Rule 4     expression -> expression DIVIDE factor
Rule 5     expression -> expression GREATER expression
Rule 6     expression -> expression LESS expression
Rule 7     expression -> expression GREATEREQ expression
Rule 8     expression -> expression LESSEQ expression
Rule 9     expression -> expression EQUAL expression
Rule 10    expression -> expression NOTEQUAL expression
Rule 11    expression -> expression AND expression
Rule 12    expression -> expression OR expression
Rule 13    expression -> LPAREN expression RPAREN
Rule 14    expression -> term
Rule 15    term -> factor
Rule 16    factor -> NUMBER
Rule 17    factor -> LPAREN expression RPAREN

Terminals, with rules where they appear

AND                  : 11
DIVIDE               : 4
EQUAL                : 9
GREATER              : 5
GREATEREQ            : 7
LCURLY               : 
LESS                 : 6
LESSEQ               : 8
LPAREN               : 13 17
MINUS                : 2
NOT                  : 
NOTEQUAL             : 10
NUMBER               : 16
OR                   : 12
PLUS                 : 1
RCURLY               : 
RPAREN               : 13 17
TIMES                : 3
error                : 

Nonterminals, with rules where they appear

expression           : 1 2 3 4 5 5 6 6 7 7 8 8 9 9 10 10 11 11 12 12 13 17 0
factor               : 3 4 15
term                 : 1 2 14

Parsing method: LALR

state 0

    (0) S' -> . expression
    (1) expression -> . expression PLUS term
    (2) expression -> . expression MINUS term
    (3) expression -> . expression TIMES factor
    (4) expression -> . expression DIVIDE factor
    (5) expression -> . expression GREATER expression
    (6) expression -> . expression LESS expression
    (7) expression -> . expression GREATEREQ expression
    (8) expression -> . expression LESSEQ expression
    (9) expression -> . expression EQUAL expression
    (10) expression -> . expression NOTEQUAL expression
    (11) expression -> . expression AND expression
    (12) expression -> . expression OR expression
    (13) expression -> . LPAREN expression RPAREN
    (14) expression -> . term
    (15) term -> . factor
    (16) factor -> . NUMBER
    (17) factor -> . LPAREN expression RPAREN

    LPAREN          shift and go to state 4
    NUMBER          shift and go to state 5

    expression                     shift and go to state 1
    term                           shift and go to state 2
    factor                         shift and go to state 3

state 1

    (0) S' -> expression .
    (1) expression -> expression . PLUS term
    (2) expression -> expression . MINUS term
    (3) expression -> expression . TIMES factor
    (4) expression -> expression . DIVIDE factor
    (5) expression -> expression . GREATER expression
    (6) expression -> expression . LESS expression
    (7) expression -> expression . GREATEREQ expression
    (8) expression -> expression . LESSEQ expression
    (9) expression -> expression . EQUAL expression
    (10) expression -> expression . NOTEQUAL expression
    (11) expression -> expression . AND expression
    (12) expression -> expression . OR expression

    PLUS            shift and go to state 6
    MINUS           shift and go to state 7
    TIMES           shift and go to state 8
    DIVIDE          shift and go to state 9
    GREATER         shift and go to state 10
    LESS            shift and go to state 11
    GREATEREQ       shift and go to state 12
    LESSEQ          shift and go to state 13
    EQUAL           shift and go to state 14
    NOTEQUAL        shift and go to state 15
    AND             shift and go to state 16
    OR              shift and go to state 17


state 2

    (14) expression -> term .

    PLUS            reduce using rule 14 (expression -> term .)
    MINUS           reduce using rule 14 (expression -> term .)
    TIMES           reduce using rule 14 (expression -> term .)
    DIVIDE          reduce using rule 14 (expression -> term .)
    GREATER         reduce using rule 14 (expression -> term .)
    LESS            reduce using rule 14 (expression -> term .)
    GREATEREQ       reduce using rule 14 (expression -> term .)
    LESSEQ          reduce using rule 14 (expression -> term .)
    EQUAL           reduce using rule 14 (expression -> term .)
    NOTEQUAL        reduce using rule 14 (expression -> term .)
    AND             reduce using rule 14 (expression -> term .)
    OR              reduce using rule 14 (expression -> term .)
    $end            reduce using rule 14 (expression -> term .)
    RPAREN          reduce using rule 14 (expression -> term .)


state 3

    (15) term -> factor .

    PLUS            reduce using rule 15 (term -> factor .)
    MINUS           reduce using rule 15 (term -> factor .)
    TIMES           reduce using rule 15 (term -> factor .)
    DIVIDE          reduce using rule 15 (term -> factor .)
    GREATER         reduce using rule 15 (term -> factor .)
    LESS            reduce using rule 15 (term -> factor .)
    GREATEREQ       reduce using rule 15 (term -> factor .)
    LESSEQ          reduce using rule 15 (term -> factor .)
    EQUAL           reduce using rule 15 (term -> factor .)
    NOTEQUAL        reduce using rule 15 (term -> factor .)
    AND             reduce using rule 15 (term -> factor .)
    OR              reduce using rule 15 (term -> factor .)
    $end            reduce using rule 15 (term -> factor .)
    RPAREN          reduce using rule 15 (term -> factor .)


state 4

    (13) expression -> LPAREN . expression RPAREN
    (17) factor -> LPAREN . expression RPAREN
    (1) expression -> . expression PLUS term
    (2) expression -> . expression MINUS term
    (3) expression -> . expression TIMES factor
    (4) expression -> . expression DIVIDE factor
    (5) expression -> . expression GREATER expression
    (6) expression -> . expression LESS expression
    (7) expression -> . expression GREATEREQ expression
    (8) expression -> . expression LESSEQ expression
    (9) expression -> . expression EQUAL expression
    (10) expression -> . expression NOTEQUAL expression
    (11) expression -> . expression AND expression
    (12) expression -> . expression OR expression
    (13) expression -> . LPAREN expression RPAREN
    (14) expression -> . term
    (15) term -> . factor
    (16) factor -> . NUMBER
    (17) factor -> . LPAREN expression RPAREN

    LPAREN          shift and go to state 4
    NUMBER          shift and go to state 5

    expression                     shift and go to state 18
    term                           shift and go to state 2
    factor                         shift and go to state 3

state 5

    (16) factor -> NUMBER .

    PLUS            reduce using rule 16 (factor -> NUMBER .)
    MINUS           reduce using rule 16 (factor -> NUMBER .)
    TIMES           reduce using rule 16 (factor -> NUMBER .)
    DIVIDE          reduce using rule 16 (factor -> NUMBER .)
    GREATER         reduce using rule 16 (factor -> NUMBER .)
    LESS            reduce using rule 16 (factor -> NUMBER .)
    GREATEREQ       reduce using rule 16 (factor -> NUMBER .)
    LESSEQ          reduce using rule 16 (factor -> NUMBER .)
    EQUAL           reduce using rule 16 (factor -> NUMBER .)
    NOTEQUAL        reduce using rule 16 (factor -> NUMBER .)
    AND             reduce using rule 16 (factor -> NUMBER .)
    OR              reduce using rule 16 (factor -> NUMBER .)
    $end            reduce using rule 16 (factor -> NUMBER .)
    RPAREN          reduce using rule 16 (factor -> NUMBER .)


state 6

    (1) expression -> expression PLUS . term
    (15) term -> . factor
    (16) factor -> . NUMBER
    (17) factor -> . LPAREN expression RPAREN

    NUMBER          shift and go to state 5
    LPAREN          shift and go to state 20

    term                           shift and go to state 19
    factor                         shift and go to state 3

state 7

    (2) expression -> expression MINUS . term
    (15) term -> . factor
    (16) factor -> . NUMBER
    (17) factor -> . LPAREN expression RPAREN

    NUMBER          shift and go to state 5
    LPAREN          shift and go to state 20

    term                           shift and go to state 21
    factor                         shift and go to state 3

state 8

    (3) expression -> expression TIMES . factor
    (16) factor -> . NUMBER
    (17) factor -> . LPAREN expression RPAREN

    NUMBER          shift and go to state 5
    LPAREN          shift and go to state 20

    factor                         shift and go to state 22

state 9

    (4) expression -> expression DIVIDE . factor
    (16) factor -> . NUMBER
    (17) factor -> . LPAREN expression RPAREN

    NUMBER          shift and go to state 5
    LPAREN          shift and go to state 20

    factor                         shift and go to state 23

state 10

    (5) expression -> expression GREATER . expression
    (1) expression -> . expression PLUS term
    (2) expression -> . expression MINUS term
    (3) expression -> . expression TIMES factor
    (4) expression -> . expression DIVIDE factor
    (5) expression -> . expression GREATER expression
    (6) expression -> . expression LESS expression
    (7) expression -> . expression GREATEREQ expression
    (8) expression -> . expression LESSEQ expression
    (9) expression -> . expression EQUAL expression
    (10) expression -> . expression NOTEQUAL expression
    (11) expression -> . expression AND expression
    (12) expression -> . expression OR expression
    (13) expression -> . LPAREN expression RPAREN
    (14) expression -> . term
    (15) term -> . factor
    (16) factor -> . NUMBER
    (17) factor -> . LPAREN expression RPAREN

    LPAREN          shift and go to state 4
    NUMBER          shift and go to state 5

    expression                     shift and go to state 24
    term                           shift and go to state 2
    factor                         shift and go to state 3

state 11

    (6) expression -> expression LESS . expression
    (1) expression -> . expression PLUS term
    (2) expression -> . expression MINUS term
    (3) expression -> . expression TIMES factor
    (4) expression -> . expression DIVIDE factor
    (5) expression -> . expression GREATER expression
    (6) expression -> . expression LESS expression
    (7) expression -> . expression GREATEREQ expression
    (8) expression -> . expression LESSEQ expression
    (9) expression -> . expression EQUAL expression
    (10) expression -> . expression NOTEQUAL expression
    (11) expression -> . expression AND expression
    (12) expression -> . expression OR expression
    (13) expression -> . LPAREN expression RPAREN
    (14) expression -> . term
    (15) term -> . factor
    (16) factor -> . NUMBER
    (17) factor -> . LPAREN expression RPAREN

    LPAREN          shift and go to state 4
    NUMBER          shift and go to state 5

    expression                     shift and go to state 25
    term                           shift and go to state 2
    factor                         shift and go to state 3

state 12

    (7) expression -> expression GREATEREQ . expression
    (1) expression -> . expression PLUS term
    (2) expression -> . expression MINUS term
    (3) expression -> . expression TIMES factor
    (4) expression -> . expression DIVIDE factor
    (5) expression -> . expression GREATER expression
    (6) expression -> . expression LESS expression
    (7) expression -> . expression GREATEREQ expression
    (8) expression -> . expression LESSEQ expression
    (9) expression -> . expression EQUAL expression
    (10) expression -> . expression NOTEQUAL expression
    (11) expression -> . expression AND expression
    (12) expression -> . expression OR expression
    (13) expression -> . LPAREN expression RPAREN
    (14) expression -> . term
    (15) term -> . factor
    (16) factor -> . NUMBER
    (17) factor -> . LPAREN expression RPAREN

    LPAREN          shift and go to state 4
    NUMBER          shift and go to state 5

    expression                     shift and go to state 26
    term                           shift and go to state 2
    factor                         shift and go to state 3

state 13

    (8) expression -> expression LESSEQ . expression
    (1) expression -> . expression PLUS term
    (2) expression -> . expression MINUS term
    (3) expression -> . expression TIMES factor
    (4) expression -> . expression DIVIDE factor
    (5) expression -> . expression GREATER expression
    (6) expression -> . expression LESS expression
    (7) expression -> . expression GREATEREQ expression
    (8) expression -> . expression LESSEQ expression
    (9) expression -> . expression EQUAL expression
    (10) expression -> . expression NOTEQUAL expression
    (11) expression -> . expression AND expression
    (12) expression -> . expression OR expression
    (13) expression -> . LPAREN expression RPAREN
    (14) expression -> . term
    (15) term -> . factor
    (16) factor -> . NUMBER
    (17) factor -> . LPAREN expression RPAREN

    LPAREN          shift and go to state 4
    NUMBER          shift and go to state 5

    expression                     shift and go to state 27
    term                           shift and go to state 2
    factor                         shift and go to state 3

state 14

    (9) expression -> expression EQUAL . expression
    (1) expression -> . expression PLUS term
    (2) expression -> . expression MINUS term
    (3) expression -> . expression TIMES factor
    (4) expression -> . expression DIVIDE factor
    (5) expression -> . expression GREATER expression
    (6) expression -> . expression LESS expression
    (7) expression -> . expression GREATEREQ expression
    (8) expression -> . expression LESSEQ expression
    (9) expression -> . expression EQUAL expression
    (10) expression -> . expression NOTEQUAL expression
    (11) expression -> . expression AND expression
    (12) expression -> . expression OR expression
    (13) expression -> . LPAREN expression RPAREN
    (14) expression -> . term
    (15) term -> . factor
    (16) factor -> . NUMBER
    (17) factor -> . LPAREN expression RPAREN

    LPAREN          shift and go to state 4
    NUMBER          shift and go to state 5

    expression                     shift and go to state 28
    term                           shift and go to state 2
    factor                         shift and go to state 3

state 15

    (10) expression -> expression NOTEQUAL . expression
    (1) expression -> . expression PLUS term
    (2) expression -> . expression MINUS term
    (3) expression -> . expression TIMES factor
    (4) expression -> . expression DIVIDE factor
    (5) expression -> . expression GREATER expression
    (6) expression -> . expression LESS expression
    (7) expression -> . expression GREATEREQ expression
    (8) expression -> . expression LESSEQ expression
    (9) expression -> . expression EQUAL expression
    (10) expression -> . expression NOTEQUAL expression
    (11) expression -> . expression AND expression
    (12) expression -> . expression OR expression
    (13) expression -> . LPAREN expression RPAREN
    (14) expression -> . term
    (15) term -> . factor
    (16) factor -> . NUMBER
    (17) factor -> . LPAREN expression RPAREN

    LPAREN          shift and go to state 4
    NUMBER          shift and go to state 5

    expression                     shift and go to state 29
    term                           shift and go to state 2
    factor                         shift and go to state 3

state 16

    (11) expression -> expression AND . expression
    (1) expression -> . expression PLUS term
    (2) expression -> . expression MINUS term
    (3) expression -> . expression TIMES factor
    (4) expression -> . expression DIVIDE factor
    (5) expression -> . expression GREATER expression
    (6) expression -> . expression LESS expression
    (7) expression -> . expression GREATEREQ expression
    (8) expression -> . expression LESSEQ expression
    (9) expression -> . expression EQUAL expression
    (10) expression -> . expression NOTEQUAL expression
    (11) expression -> . expression AND expression
    (12) expression -> . expression OR expression
    (13) expression -> . LPAREN expression RPAREN
    (14) expression -> . term
    (15) term -> . factor
    (16) factor -> . NUMBER
    (17) factor -> . LPAREN expression RPAREN

    LPAREN          shift and go to state 4
    NUMBER          shift and go to state 5

    expression                     shift and go to state 30
    term                           shift and go to state 2
    factor                         shift and go to state 3

state 17

    (12) expression -> expression OR . expression
    (1) expression -> . expression PLUS term
    (2) expression -> . expression MINUS term
    (3) expression -> . expression TIMES factor
    (4) expression -> . expression DIVIDE factor
    (5) expression -> . expression GREATER expression
    (6) expression -> . expression LESS expression
    (7) expression -> . expression GREATEREQ expression
    (8) expression -> . expression LESSEQ expression
    (9) expression -> . expression EQUAL expression
    (10) expression -> . expression NOTEQUAL expression
    (11) expression -> . expression AND expression
    (12) expression -> . expression OR expression
    (13) expression -> . LPAREN expression RPAREN
    (14) expression -> . term
    (15) term -> . factor
    (16) factor -> . NUMBER
    (17) factor -> . LPAREN expression RPAREN

    LPAREN          shift and go to state 4
    NUMBER          shift and go to state 5

    expression                     shift and go to state 31
    term                           shift and go to state 2
    factor                         shift and go to state 3

state 18

    (13) expression -> LPAREN expression . RPAREN
    (17) factor -> LPAREN expression . RPAREN
    (1) expression -> expression . PLUS term
    (2) expression -> expression . MINUS term
    (3) expression -> expression . TIMES factor
    (4) expression -> expression . DIVIDE factor
    (5) expression -> expression . GREATER expression
    (6) expression -> expression . LESS expression
    (7) expression -> expression . GREATEREQ expression
    (8) expression -> expression . LESSEQ expression
    (9) expression -> expression . EQUAL expression
    (10) expression -> expression . NOTEQUAL expression
    (11) expression -> expression . AND expression
    (12) expression -> expression . OR expression

    RPAREN          shift and go to state 32
    PLUS            shift and go to state 6
    MINUS           shift and go to state 7
    TIMES           shift and go to state 8
    DIVIDE          shift and go to state 9
    GREATER         shift and go to state 10
    LESS            shift and go to state 11
    GREATEREQ       shift and go to state 12
    LESSEQ          shift and go to state 13
    EQUAL           shift and go to state 14
    NOTEQUAL        shift and go to state 15
    AND             shift and go to state 16
    OR              shift and go to state 17


state 19

    (1) expression -> expression PLUS term .

    PLUS            reduce using rule 1 (expression -> expression PLUS term .)
    MINUS           reduce using rule 1 (expression -> expression PLUS term .)
    TIMES           reduce using rule 1 (expression -> expression PLUS term .)
    DIVIDE          reduce using rule 1 (expression -> expression PLUS term .)
    GREATER         reduce using rule 1 (expression -> expression PLUS term .)
    LESS            reduce using rule 1 (expression -> expression PLUS term .)
    GREATEREQ       reduce using rule 1 (expression -> expression PLUS term .)
    LESSEQ          reduce using rule 1 (expression -> expression PLUS term .)
    EQUAL           reduce using rule 1 (expression -> expression PLUS term .)
    NOTEQUAL        reduce using rule 1 (expression -> expression PLUS term .)
    AND             reduce using rule 1 (expression -> expression PLUS term .)
    OR              reduce using rule 1 (expression -> expression PLUS term .)
    $end            reduce using rule 1 (expression -> expression PLUS term .)
    RPAREN          reduce using rule 1 (expression -> expression PLUS term .)


state 20

    (17) factor -> LPAREN . expression RPAREN
    (1) expression -> . expression PLUS term
    (2) expression -> . expression MINUS term
    (3) expression -> . expression TIMES factor
    (4) expression -> . expression DIVIDE factor
    (5) expression -> . expression GREATER expression
    (6) expression -> . expression LESS expression
    (7) expression -> . expression GREATEREQ expression
    (8) expression -> . expression LESSEQ expression
    (9) expression -> . expression EQUAL expression
    (10) expression -> . expression NOTEQUAL expression
    (11) expression -> . expression AND expression
    (12) expression -> . expression OR expression
    (13) expression -> . LPAREN expression RPAREN
    (14) expression -> . term
    (15) term -> . factor
    (16) factor -> . NUMBER
    (17) factor -> . LPAREN expression RPAREN

    LPAREN          shift and go to state 4
    NUMBER          shift and go to state 5

    expression                     shift and go to state 33
    term                           shift and go to state 2
    factor                         shift and go to state 3

state 21

    (2) expression -> expression MINUS term .

    PLUS            reduce using rule 2 (expression -> expression MINUS term .)
    MINUS           reduce using rule 2 (expression -> expression MINUS term .)
    TIMES           reduce using rule 2 (expression -> expression MINUS term .)
    DIVIDE          reduce using rule 2 (expression -> expression MINUS term .)
    GREATER         reduce using rule 2 (expression -> expression MINUS term .)
    LESS            reduce using rule 2 (expression -> expression MINUS term .)
    GREATEREQ       reduce using rule 2 (expression -> expression MINUS term .)
    LESSEQ          reduce using rule 2 (expression -> expression MINUS term .)
    EQUAL           reduce using rule 2 (expression -> expression MINUS term .)
    NOTEQUAL        reduce using rule 2 (expression -> expression MINUS term .)
    AND             reduce using rule 2 (expression -> expression MINUS term .)
    OR              reduce using rule 2 (expression -> expression MINUS term .)
    $end            reduce using rule 2 (expression -> expression MINUS term .)
    RPAREN          reduce using rule 2 (expression -> expression MINUS term .)


state 22

    (3) expression -> expression TIMES factor .

    PLUS            reduce using rule 3 (expression -> expression TIMES factor .)
    MINUS           reduce using rule 3 (expression -> expression TIMES factor .)
    TIMES           reduce using rule 3 (expression -> expression TIMES factor .)
    DIVIDE          reduce using rule 3 (expression -> expression TIMES factor .)
    GREATER         reduce using rule 3 (expression -> expression TIMES factor .)
    LESS            reduce using rule 3 (expression -> expression TIMES factor .)
    GREATEREQ       reduce using rule 3 (expression -> expression TIMES factor .)
    LESSEQ          reduce using rule 3 (expression -> expression TIMES factor .)
    EQUAL           reduce using rule 3 (expression -> expression TIMES factor .)
    NOTEQUAL        reduce using rule 3 (expression -> expression TIMES factor .)
    AND             reduce using rule 3 (expression -> expression TIMES factor .)
    OR              reduce using rule 3 (expression -> expression TIMES factor .)
    $end            reduce using rule 3 (expression -> expression TIMES factor .)
    RPAREN          reduce using rule 3 (expression -> expression TIMES factor .)


state 23

    (4) expression -> expression DIVIDE factor .

    PLUS            reduce using rule 4 (expression -> expression DIVIDE factor .)
    MINUS           reduce using rule 4 (expression -> expression DIVIDE factor .)
    TIMES           reduce using rule 4 (expression -> expression DIVIDE factor .)
    DIVIDE          reduce using rule 4 (expression -> expression DIVIDE factor .)
    GREATER         reduce using rule 4 (expression -> expression DIVIDE factor .)
    LESS            reduce using rule 4 (expression -> expression DIVIDE factor .)
    GREATEREQ       reduce using rule 4 (expression -> expression DIVIDE factor .)
    LESSEQ          reduce using rule 4 (expression -> expression DIVIDE factor .)
    EQUAL           reduce using rule 4 (expression -> expression DIVIDE factor .)
    NOTEQUAL        reduce using rule 4 (expression -> expression DIVIDE factor .)
    AND             reduce using rule 4 (expression -> expression DIVIDE factor .)
    OR              reduce using rule 4 (expression -> expression DIVIDE factor .)
    $end            reduce using rule 4 (expression -> expression DIVIDE factor .)
    RPAREN          reduce using rule 4 (expression -> expression DIVIDE factor .)


state 24

    (5) expression -> expression GREATER expression .
    (1) expression -> expression . PLUS term
    (2) expression -> expression . MINUS term
    (3) expression -> expression . TIMES factor
    (4) expression -> expression . DIVIDE factor
    (5) expression -> expression . GREATER expression
    (6) expression -> expression . LESS expression
    (7) expression -> expression . GREATEREQ expression
    (8) expression -> expression . LESSEQ expression
    (9) expression -> expression . EQUAL expression
    (10) expression -> expression . NOTEQUAL expression
    (11) expression -> expression . AND expression
    (12) expression -> expression . OR expression

    GREATER         reduce using rule 5 (expression -> expression GREATER expression .)
    LESS            reduce using rule 5 (expression -> expression GREATER expression .)
    GREATEREQ       reduce using rule 5 (expression -> expression GREATER expression .)
    LESSEQ          reduce using rule 5 (expression -> expression GREATER expression .)
    EQUAL           reduce using rule 5 (expression -> expression GREATER expression .)
    NOTEQUAL        reduce using rule 5 (expression -> expression GREATER expression .)
    AND             reduce using rule 5 (expression -> expression GREATER expression .)
    OR              reduce using rule 5 (expression -> expression GREATER expression .)
    $end            reduce using rule 5 (expression -> expression GREATER expression .)
    RPAREN          reduce using rule 5 (expression -> expression GREATER expression .)
    PLUS            shift and go to state 6
    MINUS           shift and go to state 7
    TIMES           shift and go to state 8
    DIVIDE          shift and go to state 9

  ! PLUS            [ reduce using rule 5 (expression -> expression GREATER expression .) ]
  ! MINUS           [ reduce using rule 5 (expression -> expression GREATER expression .) ]
  ! TIMES           [ reduce using rule 5 (expression -> expression GREATER expression .) ]
  ! DIVIDE          [ reduce using rule 5 (expression -> expression GREATER expression .) ]
  ! GREATER         [ shift and go to state 10 ]
  ! LESS            [ shift and go to state 11 ]
  ! GREATEREQ       [ shift and go to state 12 ]
  ! LESSEQ          [ shift and go to state 13 ]
  ! EQUAL           [ shift and go to state 14 ]
  ! NOTEQUAL        [ shift and go to state 15 ]
  ! AND             [ shift and go to state 16 ]
  ! OR              [ shift and go to state 17 ]


state 25

    (6) expression -> expression LESS expression .
    (1) expression -> expression . PLUS term
    (2) expression -> expression . MINUS term
    (3) expression -> expression . TIMES factor
    (4) expression -> expression . DIVIDE factor
    (5) expression -> expression . GREATER expression
    (6) expression -> expression . LESS expression
    (7) expression -> expression . GREATEREQ expression
    (8) expression -> expression . LESSEQ expression
    (9) expression -> expression . EQUAL expression
    (10) expression -> expression . NOTEQUAL expression
    (11) expression -> expression . AND expression
    (12) expression -> expression . OR expression

    GREATER         reduce using rule 6 (expression -> expression LESS expression .)
    LESS            reduce using rule 6 (expression -> expression LESS expression .)
    GREATEREQ       reduce using rule 6 (expression -> expression LESS expression .)
    LESSEQ          reduce using rule 6 (expression -> expression LESS expression .)
    EQUAL           reduce using rule 6 (expression -> expression LESS expression .)
    NOTEQUAL        reduce using rule 6 (expression -> expression LESS expression .)
    AND             reduce using rule 6 (expression -> expression LESS expression .)
    OR              reduce using rule 6 (expression -> expression LESS expression .)
    $end            reduce using rule 6 (expression -> expression LESS expression .)
    RPAREN          reduce using rule 6 (expression -> expression LESS expression .)
    PLUS            shift and go to state 6
    MINUS           shift and go to state 7
    TIMES           shift and go to state 8
    DIVIDE          shift and go to state 9

  ! PLUS            [ reduce using rule 6 (expression -> expression LESS expression .) ]
  ! MINUS           [ reduce using rule 6 (expression -> expression LESS expression .) ]
  ! TIMES           [ reduce using rule 6 (expression -> expression LESS expression .) ]
  ! DIVIDE          [ reduce using rule 6 (expression -> expression LESS expression .) ]
  ! GREATER         [ shift and go to state 10 ]
  ! LESS            [ shift and go to state 11 ]
  ! GREATEREQ       [ shift and go to state 12 ]
  ! LESSEQ          [ shift and go to state 13 ]
  ! EQUAL           [ shift and go to state 14 ]
  ! NOTEQUAL        [ shift and go to state 15 ]
  ! AND             [ shift and go to state 16 ]
  ! OR              [ shift and go to state 17 ]


state 26

    (7) expression -> expression GREATEREQ expression .
    (1) expression -> expression . PLUS term
    (2) expression -> expression . MINUS term
    (3) expression -> expression . TIMES factor
    (4) expression -> expression . DIVIDE factor
    (5) expression -> expression . GREATER expression
    (6) expression -> expression . LESS expression
    (7) expression -> expression . GREATEREQ expression
    (8) expression -> expression . LESSEQ expression
    (9) expression -> expression . EQUAL expression
    (10) expression -> expression . NOTEQUAL expression
    (11) expression -> expression . AND expression
    (12) expression -> expression . OR expression

    GREATER         reduce using rule 7 (expression -> expression GREATEREQ expression .)
    LESS            reduce using rule 7 (expression -> expression GREATEREQ expression .)
    GREATEREQ       reduce using rule 7 (expression -> expression GREATEREQ expression .)
    LESSEQ          reduce using rule 7 (expression -> expression GREATEREQ expression .)
    EQUAL           reduce using rule 7 (expression -> expression GREATEREQ expression .)
    NOTEQUAL        reduce using rule 7 (expression -> expression GREATEREQ expression .)
    AND             reduce using rule 7 (expression -> expression GREATEREQ expression .)
    OR              reduce using rule 7 (expression -> expression GREATEREQ expression .)
    $end            reduce using rule 7 (expression -> expression GREATEREQ expression .)
    RPAREN          reduce using rule 7 (expression -> expression GREATEREQ expression .)
    PLUS            shift and go to state 6
    MINUS           shift and go to state 7
    TIMES           shift and go to state 8
    DIVIDE          shift and go to state 9

  ! PLUS            [ reduce using rule 7 (expression -> expression GREATEREQ expression .) ]
  ! MINUS           [ reduce using rule 7 (expression -> expression GREATEREQ expression .) ]
  ! TIMES           [ reduce using rule 7 (expression -> expression GREATEREQ expression .) ]
  ! DIVIDE          [ reduce using rule 7 (expression -> expression GREATEREQ expression .) ]
  ! GREATER         [ shift and go to state 10 ]
  ! LESS            [ shift and go to state 11 ]
  ! GREATEREQ       [ shift and go to state 12 ]
  ! LESSEQ          [ shift and go to state 13 ]
  ! EQUAL           [ shift and go to state 14 ]
  ! NOTEQUAL        [ shift and go to state 15 ]
  ! AND             [ shift and go to state 16 ]
  ! OR              [ shift and go to state 17 ]


state 27

    (8) expression -> expression LESSEQ expression .
    (1) expression -> expression . PLUS term
    (2) expression -> expression . MINUS term
    (3) expression -> expression . TIMES factor
    (4) expression -> expression . DIVIDE factor
    (5) expression -> expression . GREATER expression
    (6) expression -> expression . LESS expression
    (7) expression -> expression . GREATEREQ expression
    (8) expression -> expression . LESSEQ expression
    (9) expression -> expression . EQUAL expression
    (10) expression -> expression . NOTEQUAL expression
    (11) expression -> expression . AND expression
    (12) expression -> expression . OR expression

    GREATER         reduce using rule 8 (expression -> expression LESSEQ expression .)
    LESS            reduce using rule 8 (expression -> expression LESSEQ expression .)
    GREATEREQ       reduce using rule 8 (expression -> expression LESSEQ expression .)
    LESSEQ          reduce using rule 8 (expression -> expression LESSEQ expression .)
    EQUAL           reduce using rule 8 (expression -> expression LESSEQ expression .)
    NOTEQUAL        reduce using rule 8 (expression -> expression LESSEQ expression .)
    AND             reduce using rule 8 (expression -> expression LESSEQ expression .)
    OR              reduce using rule 8 (expression -> expression LESSEQ expression .)
    $end            reduce using rule 8 (expression -> expression LESSEQ expression .)
    RPAREN          reduce using rule 8 (expression -> expression LESSEQ expression .)
    PLUS            shift and go to state 6
    MINUS           shift and go to state 7
    TIMES           shift and go to state 8
    DIVIDE          shift and go to state 9

  ! PLUS            [ reduce using rule 8 (expression -> expression LESSEQ expression .) ]
  ! MINUS           [ reduce using rule 8 (expression -> expression LESSEQ expression .) ]
  ! TIMES           [ reduce using rule 8 (expression -> expression LESSEQ expression .) ]
  ! DIVIDE          [ reduce using rule 8 (expression -> expression LESSEQ expression .) ]
  ! GREATER         [ shift and go to state 10 ]
  ! LESS            [ shift and go to state 11 ]
  ! GREATEREQ       [ shift and go to state 12 ]
  ! LESSEQ          [ shift and go to state 13 ]
  ! EQUAL           [ shift and go to state 14 ]
  ! NOTEQUAL        [ shift and go to state 15 ]
  ! AND             [ shift and go to state 16 ]
  ! OR              [ shift and go to state 17 ]


state 28

    (9) expression -> expression EQUAL expression .
    (1) expression -> expression . PLUS term
    (2) expression -> expression . MINUS term
    (3) expression -> expression . TIMES factor
    (4) expression -> expression . DIVIDE factor
    (5) expression -> expression . GREATER expression
    (6) expression -> expression . LESS expression
    (7) expression -> expression . GREATEREQ expression
    (8) expression -> expression . LESSEQ expression
    (9) expression -> expression . EQUAL expression
    (10) expression -> expression . NOTEQUAL expression
    (11) expression -> expression . AND expression
    (12) expression -> expression . OR expression

    EQUAL           reduce using rule 9 (expression -> expression EQUAL expression .)
    NOTEQUAL        reduce using rule 9 (expression -> expression EQUAL expression .)
    AND             reduce using rule 9 (expression -> expression EQUAL expression .)
    OR              reduce using rule 9 (expression -> expression EQUAL expression .)
    $end            reduce using rule 9 (expression -> expression EQUAL expression .)
    RPAREN          reduce using rule 9 (expression -> expression EQUAL expression .)
    PLUS            shift and go to state 6
    MINUS           shift and go to state 7
    TIMES           shift and go to state 8
    DIVIDE          shift and go to state 9
    GREATER         shift and go to state 10
    LESS            shift and go to state 11
    GREATEREQ       shift and go to state 12
    LESSEQ          shift and go to state 13

  ! PLUS            [ reduce using rule 9 (expression -> expression EQUAL expression .) ]
  ! MINUS           [ reduce using rule 9 (expression -> expression EQUAL expression .) ]
  ! TIMES           [ reduce using rule 9 (expression -> expression EQUAL expression .) ]
  ! DIVIDE          [ reduce using rule 9 (expression -> expression EQUAL expression .) ]
  ! GREATER         [ reduce using rule 9 (expression -> expression EQUAL expression .) ]
  ! LESS            [ reduce using rule 9 (expression -> expression EQUAL expression .) ]
  ! GREATEREQ       [ reduce using rule 9 (expression -> expression EQUAL expression .) ]
  ! LESSEQ          [ reduce using rule 9 (expression -> expression EQUAL expression .) ]
  ! EQUAL           [ shift and go to state 14 ]
  ! NOTEQUAL        [ shift and go to state 15 ]
  ! AND             [ shift and go to state 16 ]
  ! OR              [ shift and go to state 17 ]


state 29

    (10) expression -> expression NOTEQUAL expression .
    (1) expression -> expression . PLUS term
    (2) expression -> expression . MINUS term
    (3) expression -> expression . TIMES factor
    (4) expression -> expression . DIVIDE factor
    (5) expression -> expression . GREATER expression
    (6) expression -> expression . LESS expression
    (7) expression -> expression . GREATEREQ expression
    (8) expression -> expression . LESSEQ expression
    (9) expression -> expression . EQUAL expression
    (10) expression -> expression . NOTEQUAL expression
    (11) expression -> expression . AND expression
    (12) expression -> expression . OR expression

    EQUAL           reduce using rule 10 (expression -> expression NOTEQUAL expression .)
    NOTEQUAL        reduce using rule 10 (expression -> expression NOTEQUAL expression .)
    AND             reduce using rule 10 (expression -> expression NOTEQUAL expression .)
    OR              reduce using rule 10 (expression -> expression NOTEQUAL expression .)
    $end            reduce using rule 10 (expression -> expression NOTEQUAL expression .)
    RPAREN          reduce using rule 10 (expression -> expression NOTEQUAL expression .)
    PLUS            shift and go to state 6
    MINUS           shift and go to state 7
    TIMES           shift and go to state 8
    DIVIDE          shift and go to state 9
    GREATER         shift and go to state 10
    LESS            shift and go to state 11
    GREATEREQ       shift and go to state 12
    LESSEQ          shift and go to state 13

  ! PLUS            [ reduce using rule 10 (expression -> expression NOTEQUAL expression .) ]
  ! MINUS           [ reduce using rule 10 (expression -> expression NOTEQUAL expression .) ]
  ! TIMES           [ reduce using rule 10 (expression -> expression NOTEQUAL expression .) ]
  ! DIVIDE          [ reduce using rule 10 (expression -> expression NOTEQUAL expression .) ]
  ! GREATER         [ reduce using rule 10 (expression -> expression NOTEQUAL expression .) ]
  ! LESS            [ reduce using rule 10 (expression -> expression NOTEQUAL expression .) ]
  ! GREATEREQ       [ reduce using rule 10 (expression -> expression NOTEQUAL expression .) ]
  ! LESSEQ          [ reduce using rule 10 (expression -> expression NOTEQUAL expression .) ]
  ! EQUAL           [ shift and go to state 14 ]
  ! NOTEQUAL        [ shift and go to state 15 ]
  ! AND             [ shift and go to state 16 ]
  ! OR              [ shift and go to state 17 ]


state 30

    (11) expression -> expression AND expression .
    (1) expression -> expression . PLUS term
    (2) expression -> expression . MINUS term
    (3) expression -> expression . TIMES factor
    (4) expression -> expression . DIVIDE factor
    (5) expression -> expression . GREATER expression
    (6) expression -> expression . LESS expression
    (7) expression -> expression . GREATEREQ expression
    (8) expression -> expression . LESSEQ expression
    (9) expression -> expression . EQUAL expression
    (10) expression -> expression . NOTEQUAL expression
    (11) expression -> expression . AND expression
    (12) expression -> expression . OR expression

    AND             reduce using rule 11 (expression -> expression AND expression .)
    OR              reduce using rule 11 (expression -> expression AND expression .)
    $end            reduce using rule 11 (expression -> expression AND expression .)
    RPAREN          reduce using rule 11 (expression -> expression AND expression .)
    PLUS            shift and go to state 6
    MINUS           shift and go to state 7
    TIMES           shift and go to state 8
    DIVIDE          shift and go to state 9
    GREATER         shift and go to state 10
    LESS            shift and go to state 11
    GREATEREQ       shift and go to state 12
    LESSEQ          shift and go to state 13
    EQUAL           shift and go to state 14
    NOTEQUAL        shift and go to state 15

  ! PLUS            [ reduce using rule 11 (expression -> expression AND expression .) ]
  ! MINUS           [ reduce using rule 11 (expression -> expression AND expression .) ]
  ! TIMES           [ reduce using rule 11 (expression -> expression AND expression .) ]
  ! DIVIDE          [ reduce using rule 11 (expression -> expression AND expression .) ]
  ! GREATER         [ reduce using rule 11 (expression -> expression AND expression .) ]
  ! LESS            [ reduce using rule 11 (expression -> expression AND expression .) ]
  ! GREATEREQ       [ reduce using rule 11 (expression -> expression AND expression .) ]
  ! LESSEQ          [ reduce using rule 11 (expression -> expression AND expression .) ]
  ! EQUAL           [ reduce using rule 11 (expression -> expression AND expression .) ]
  ! NOTEQUAL        [ reduce using rule 11 (expression -> expression AND expression .) ]
  ! AND             [ shift and go to state 16 ]
  ! OR              [ shift and go to state 17 ]


state 31

    (12) expression -> expression OR expression .
    (1) expression -> expression . PLUS term
    (2) expression -> expression . MINUS term
    (3) expression -> expression . TIMES factor
    (4) expression -> expression . DIVIDE factor
    (5) expression -> expression . GREATER expression
    (6) expression -> expression . LESS expression
    (7) expression -> expression . GREATEREQ expression
    (8) expression -> expression . LESSEQ expression
    (9) expression -> expression . EQUAL expression
    (10) expression -> expression . NOTEQUAL expression
    (11) expression -> expression . AND expression
    (12) expression -> expression . OR expression

    OR              reduce using rule 12 (expression -> expression OR expression .)
    $end            reduce using rule 12 (expression -> expression OR expression .)
    RPAREN          reduce using rule 12 (expression -> expression OR expression .)
    PLUS            shift and go to state 6
    MINUS           shift and go to state 7
    TIMES           shift and go to state 8
    DIVIDE          shift and go to state 9
    GREATER         shift and go to state 10
    LESS            shift and go to state 11
    GREATEREQ       shift and go to state 12
    LESSEQ          shift and go to state 13
    EQUAL           shift and go to state 14
    NOTEQUAL        shift and go to state 15
    AND             shift and go to state 16

  ! PLUS            [ reduce using rule 12 (expression -> expression OR expression .) ]
  ! MINUS           [ reduce using rule 12 (expression -> expression OR expression .) ]
  ! TIMES           [ reduce using rule 12 (expression -> expression OR expression .) ]
  ! DIVIDE          [ reduce using rule 12 (expression -> expression OR expression .) ]
  ! GREATER         [ reduce using rule 12 (expression -> expression OR expression .) ]
  ! LESS            [ reduce using rule 12 (expression -> expression OR expression .) ]
  ! GREATEREQ       [ reduce using rule 12 (expression -> expression OR expression .) ]
  ! LESSEQ          [ reduce using rule 12 (expression -> expression OR expression .) ]
  ! EQUAL           [ reduce using rule 12 (expression -> expression OR expression .) ]
  ! NOTEQUAL        [ reduce using rule 12 (expression -> expression OR expression .) ]
  ! AND             [ reduce using rule 12 (expression -> expression OR expression .) ]
  ! OR              [ shift and go to state 17 ]


state 32

    (13) expression -> LPAREN expression RPAREN .
    (17) factor -> LPAREN expression RPAREN .

  ! reduce/reduce conflict for PLUS resolved using rule 13 (expression -> LPAREN expression RPAREN .)
  ! reduce/reduce conflict for MINUS resolved using rule 13 (expression -> LPAREN expression RPAREN .)
  ! reduce/reduce conflict for TIMES resolved using rule 13 (expression -> LPAREN expression RPAREN .)
  ! reduce/reduce conflict for DIVIDE resolved using rule 13 (expression -> LPAREN expression RPAREN .)
  ! reduce/reduce conflict for GREATER resolved using rule 13 (expression -> LPAREN expression RPAREN .)
  ! reduce/reduce conflict for LESS resolved using rule 13 (expression -> LPAREN expression RPAREN .)
  ! reduce/reduce conflict for GREATEREQ resolved using rule 13 (expression -> LPAREN expression RPAREN .)
  ! reduce/reduce conflict for LESSEQ resolved using rule 13 (expression -> LPAREN expression RPAREN .)
  ! reduce/reduce conflict for EQUAL resolved using rule 13 (expression -> LPAREN expression RPAREN .)
  ! reduce/reduce conflict for NOTEQUAL resolved using rule 13 (expression -> LPAREN expression RPAREN .)
  ! reduce/reduce conflict for AND resolved using rule 13 (expression -> LPAREN expression RPAREN .)
  ! reduce/reduce conflict for OR resolved using rule 13 (expression -> LPAREN expression RPAREN .)
  ! reduce/reduce conflict for $end resolved using rule 13 (expression -> LPAREN expression RPAREN .)
  ! reduce/reduce conflict for RPAREN resolved using rule 13 (expression -> LPAREN expression RPAREN .)
    PLUS            reduce using rule 13 (expression -> LPAREN expression RPAREN .)
    MINUS           reduce using rule 13 (expression -> LPAREN expression RPAREN .)
    TIMES           reduce using rule 13 (expression -> LPAREN expression RPAREN .)
    DIVIDE          reduce using rule 13 (expression -> LPAREN expression RPAREN .)
    GREATER         reduce using rule 13 (expression -> LPAREN expression RPAREN .)
    LESS            reduce using rule 13 (expression -> LPAREN expression RPAREN .)
    GREATEREQ       reduce using rule 13 (expression -> LPAREN expression RPAREN .)
    LESSEQ          reduce using rule 13 (expression -> LPAREN expression RPAREN .)
    EQUAL           reduce using rule 13 (expression -> LPAREN expression RPAREN .)
    NOTEQUAL        reduce using rule 13 (expression -> LPAREN expression RPAREN .)
    AND             reduce using rule 13 (expression -> LPAREN expression RPAREN .)
    OR              reduce using rule 13 (expression -> LPAREN expression RPAREN .)
    $end            reduce using rule 13 (expression -> LPAREN expression RPAREN .)
    RPAREN          reduce using rule 13 (expression -> LPAREN expression RPAREN .)

  ! PLUS            [ reduce using rule 17 (factor -> LPAREN expression RPAREN .) ]
  ! MINUS           [ reduce using rule 17 (factor -> LPAREN expression RPAREN .) ]
  ! TIMES           [ reduce using rule 17 (factor -> LPAREN expression RPAREN .) ]
  ! DIVIDE          [ reduce using rule 17 (factor -> LPAREN expression RPAREN .) ]
  ! GREATER         [ reduce using rule 17 (factor -> LPAREN expression RPAREN .) ]
  ! LESS            [ reduce using rule 17 (factor -> LPAREN expression RPAREN .) ]
  ! GREATEREQ       [ reduce using rule 17 (factor -> LPAREN expression RPAREN .) ]
  ! LESSEQ          [ reduce using rule 17 (factor -> LPAREN expression RPAREN .) ]
  ! EQUAL           [ reduce using rule 17 (factor -> LPAREN expression RPAREN .) ]
  ! NOTEQUAL        [ reduce using rule 17 (factor -> LPAREN expression RPAREN .) ]
  ! AND             [ reduce using rule 17 (factor -> LPAREN expression RPAREN .) ]
  ! OR              [ reduce using rule 17 (factor -> LPAREN expression RPAREN .) ]
  ! $end            [ reduce using rule 17 (factor -> LPAREN expression RPAREN .) ]
  ! RPAREN          [ reduce using rule 17 (factor -> LPAREN expression RPAREN .) ]


state 33

    (17) factor -> LPAREN expression . RPAREN
    (1) expression -> expression . PLUS term
    (2) expression -> expression . MINUS term
    (3) expression -> expression . TIMES factor
    (4) expression -> expression . DIVIDE factor
    (5) expression -> expression . GREATER expression
    (6) expression -> expression . LESS expression
    (7) expression -> expression . GREATEREQ expression
    (8) expression -> expression . LESSEQ expression
    (9) expression -> expression . EQUAL expression
    (10) expression -> expression . NOTEQUAL expression
    (11) expression -> expression . AND expression
    (12) expression -> expression . OR expression

    RPAREN          shift and go to state 34
    PLUS            shift and go to state 6
    MINUS           shift and go to state 7
    TIMES           shift and go to state 8
    DIVIDE          shift and go to state 9
    GREATER         shift and go to state 10
    LESS            shift and go to state 11
    GREATEREQ       shift and go to state 12
    LESSEQ          shift and go to state 13
    EQUAL           shift and go to state 14
    NOTEQUAL        shift and go to state 15
    AND             shift and go to state 16
    OR              shift and go to state 17


state 34

    (17) factor -> LPAREN expression RPAREN .

    PLUS            reduce using rule 17 (factor -> LPAREN expression RPAREN .)
    MINUS           reduce using rule 17 (factor -> LPAREN expression RPAREN .)
    TIMES           reduce using rule 17 (factor -> LPAREN expression RPAREN .)
    DIVIDE          reduce using rule 17 (factor -> LPAREN expression RPAREN .)
    GREATER         reduce using rule 17 (factor -> LPAREN expression RPAREN .)
    LESS            reduce using rule 17 (factor -> LPAREN expression RPAREN .)
    GREATEREQ       reduce using rule 17 (factor -> LPAREN expression RPAREN .)
    LESSEQ          reduce using rule 17 (factor -> LPAREN expression RPAREN .)
    EQUAL           reduce using rule 17 (factor -> LPAREN expression RPAREN .)
    NOTEQUAL        reduce using rule 17 (factor -> LPAREN expression RPAREN .)
    AND             reduce using rule 17 (factor -> LPAREN expression RPAREN .)
    OR              reduce using rule 17 (factor -> LPAREN expression RPAREN .)
    $end            reduce using rule 17 (factor -> LPAREN expression RPAREN .)
    RPAREN          reduce using rule 17 (factor -> LPAREN expression RPAREN .)

WARNING: 
WARNING: Conflicts:
WARNING: 
WARNING: reduce/reduce conflict in state 32 resolved using rule (expression -> LPAREN expression RPAREN)
WARNING: rejected rule (factor -> LPAREN expression RPAREN) in state 32
