Created by PLY version 3.11 (http://www.dabeaz.com/ply)

Unused terminals:

    BOOLEAN
    CLASS
    DO
    ERROR
    EXTENDS
    FALSE
    FLOAT
    INT
    LBRACKET
    NEW
    NULL
    PRIVATE
    PUBLIC
    RBRACKET
    STATIC
    SUPER
    THIS
    TRUE
    VOID

Grammar

Rule 0     S' -> expression
Rule 1     expression -> assignment
Rule 2     expression -> expression PLUS term
Rule 3     expression -> expression MINUS term
Rule 4     expression -> expression TIMES factor
Rule 5     expression -> expression DIVIDE factor
Rule 6     expression -> expression GREATER expression
Rule 7     expression -> expression LESS expression
Rule 8     expression -> expression GREATEREQ expression
Rule 9     expression -> expression LESSEQ expression
Rule 10    expression -> expression EQUAL expression
Rule 11    expression -> expression NOTEQUAL expression
Rule 12    expression -> expression AND expression
Rule 13    expression -> expression OR expression
Rule 14    assignment -> ID SETEQUAL factor
Rule 15    assignment -> ID SETEQUAL expression
Rule 16    assignment -> ID SETEQUAL ID
Rule 17    assignment -> ID SETEQUAL assignment
Rule 18    expression -> NOT expression
Rule 19    expression -> term
Rule 20    term -> factor
Rule 21    factor -> NUMBER
Rule 22    factor -> BOOL
Rule 23    factor -> LPAREN expression RPAREN
Rule 24    block -> LCURLY statement RCURLY
Rule 25    statement -> IF LPAREN expression RPAREN statement
Rule 26    statement -> IF LPAREN expression RPAREN statement ELSE statement
Rule 27    statement -> WHILE LPAREN expression RPAREN statement
Rule 28    statement -> FOR LPAREN expression SEMICOLON expression SEMICOLON expression RPAREN statement
Rule 29    statement -> RETURN expression SEMICOLON
Rule 30    statement -> RETURN SEMICOLON
Rule 31    statement -> expression SEMICOLON
Rule 32    statement -> BREAK SEMICOLON
Rule 33    statement -> CONTINUE SEMICOLON
Rule 34    statement -> block

Terminals, with rules where they appear

AND                  : 12
BOOL                 : 22
BOOLEAN              : 
BREAK                : 32
CLASS                : 
CONTINUE             : 33
DIVIDE               : 5
DO                   : 
ELSE                 : 26
EQUAL                : 10
ERROR                : 
EXTENDS              : 
FALSE                : 
FLOAT                : 
FOR                  : 28
GREATER              : 6
GREATEREQ            : 8
ID                   : 14 15 16 16 17
IF                   : 25 26
INT                  : 
LBRACKET             : 
LCURLY               : 24
LESS                 : 7
LESSEQ               : 9
LPAREN               : 23 25 26 27 28
MINUS                : 3
NEW                  : 
NOT                  : 18
NOTEQUAL             : 11
NULL                 : 
NUMBER               : 21
OR                   : 13
PLUS                 : 2
PRIVATE              : 
PUBLIC               : 
RBRACKET             : 
RCURLY               : 24
RETURN               : 29 30
RPAREN               : 23 25 26 27 28
SEMICOLON            : 28 28 29 30 31 32 33
SETEQUAL             : 14 15 16 17
STATIC               : 
SUPER                : 
THIS                 : 
TIMES                : 4
TRUE                 : 
VOID                 : 
WHILE                : 27
error                : 

Nonterminals, with rules where they appear

assignment           : 1 17
block                : 34
expression           : 2 3 4 5 6 6 7 7 8 8 9 9 10 10 11 11 12 12 13 13 15 18 23 25 26 27 28 28 28 29 31 0
factor               : 4 5 14 20
statement            : 24 25 26 26 27 28
term                 : 2 3 19

Parsing method: LALR

state 0

    (0) S' -> . expression
    (1) expression -> . assignment
    (2) expression -> . expression PLUS term
    (3) expression -> . expression MINUS term
    (4) expression -> . expression TIMES factor
    (5) expression -> . expression DIVIDE factor
    (6) expression -> . expression GREATER expression
    (7) expression -> . expression LESS expression
    (8) expression -> . expression GREATEREQ expression
    (9) expression -> . expression LESSEQ expression
    (10) expression -> . expression EQUAL expression
    (11) expression -> . expression NOTEQUAL expression
    (12) expression -> . expression AND expression
    (13) expression -> . expression OR expression
    (18) expression -> . NOT expression
    (19) expression -> . term
    (14) assignment -> . ID SETEQUAL factor
    (15) assignment -> . ID SETEQUAL expression
    (16) assignment -> . ID SETEQUAL ID
    (17) assignment -> . ID SETEQUAL assignment
    (20) term -> . factor
    (21) factor -> . NUMBER
    (22) factor -> . BOOL
    (23) factor -> . LPAREN expression RPAREN

    NOT             shift and go to state 5
    ID              shift and go to state 6
    NUMBER          shift and go to state 7
    BOOL            shift and go to state 8
    LPAREN          shift and go to state 9

    expression                     shift and go to state 1
    assignment                     shift and go to state 2
    term                           shift and go to state 3
    factor                         shift and go to state 4

state 1

    (0) S' -> expression .
    (2) expression -> expression . PLUS term
    (3) expression -> expression . MINUS term
    (4) expression -> expression . TIMES factor
    (5) expression -> expression . DIVIDE factor
    (6) expression -> expression . GREATER expression
    (7) expression -> expression . LESS expression
    (8) expression -> expression . GREATEREQ expression
    (9) expression -> expression . LESSEQ expression
    (10) expression -> expression . EQUAL expression
    (11) expression -> expression . NOTEQUAL expression
    (12) expression -> expression . AND expression
    (13) expression -> expression . OR expression

    PLUS            shift and go to state 10
    MINUS           shift and go to state 11
    TIMES           shift and go to state 12
    DIVIDE          shift and go to state 13
    GREATER         shift and go to state 14
    LESS            shift and go to state 15
    GREATEREQ       shift and go to state 16
    LESSEQ          shift and go to state 17
    EQUAL           shift and go to state 18
    NOTEQUAL        shift and go to state 19
    AND             shift and go to state 20
    OR              shift and go to state 21


state 2

    (1) expression -> assignment .

    PLUS            reduce using rule 1 (expression -> assignment .)
    MINUS           reduce using rule 1 (expression -> assignment .)
    TIMES           reduce using rule 1 (expression -> assignment .)
    DIVIDE          reduce using rule 1 (expression -> assignment .)
    GREATER         reduce using rule 1 (expression -> assignment .)
    LESS            reduce using rule 1 (expression -> assignment .)
    GREATEREQ       reduce using rule 1 (expression -> assignment .)
    LESSEQ          reduce using rule 1 (expression -> assignment .)
    EQUAL           reduce using rule 1 (expression -> assignment .)
    NOTEQUAL        reduce using rule 1 (expression -> assignment .)
    AND             reduce using rule 1 (expression -> assignment .)
    OR              reduce using rule 1 (expression -> assignment .)
    $end            reduce using rule 1 (expression -> assignment .)
    RPAREN          reduce using rule 1 (expression -> assignment .)


state 3

    (19) expression -> term .

    PLUS            reduce using rule 19 (expression -> term .)
    MINUS           reduce using rule 19 (expression -> term .)
    TIMES           reduce using rule 19 (expression -> term .)
    DIVIDE          reduce using rule 19 (expression -> term .)
    GREATER         reduce using rule 19 (expression -> term .)
    LESS            reduce using rule 19 (expression -> term .)
    GREATEREQ       reduce using rule 19 (expression -> term .)
    LESSEQ          reduce using rule 19 (expression -> term .)
    EQUAL           reduce using rule 19 (expression -> term .)
    NOTEQUAL        reduce using rule 19 (expression -> term .)
    AND             reduce using rule 19 (expression -> term .)
    OR              reduce using rule 19 (expression -> term .)
    $end            reduce using rule 19 (expression -> term .)
    RPAREN          reduce using rule 19 (expression -> term .)


state 4

    (20) term -> factor .

    PLUS            reduce using rule 20 (term -> factor .)
    MINUS           reduce using rule 20 (term -> factor .)
    TIMES           reduce using rule 20 (term -> factor .)
    DIVIDE          reduce using rule 20 (term -> factor .)
    GREATER         reduce using rule 20 (term -> factor .)
    LESS            reduce using rule 20 (term -> factor .)
    GREATEREQ       reduce using rule 20 (term -> factor .)
    LESSEQ          reduce using rule 20 (term -> factor .)
    EQUAL           reduce using rule 20 (term -> factor .)
    NOTEQUAL        reduce using rule 20 (term -> factor .)
    AND             reduce using rule 20 (term -> factor .)
    OR              reduce using rule 20 (term -> factor .)
    $end            reduce using rule 20 (term -> factor .)
    RPAREN          reduce using rule 20 (term -> factor .)


state 5

    (18) expression -> NOT . expression
    (1) expression -> . assignment
    (2) expression -> . expression PLUS term
    (3) expression -> . expression MINUS term
    (4) expression -> . expression TIMES factor
    (5) expression -> . expression DIVIDE factor
    (6) expression -> . expression GREATER expression
    (7) expression -> . expression LESS expression
    (8) expression -> . expression GREATEREQ expression
    (9) expression -> . expression LESSEQ expression
    (10) expression -> . expression EQUAL expression
    (11) expression -> . expression NOTEQUAL expression
    (12) expression -> . expression AND expression
    (13) expression -> . expression OR expression
    (18) expression -> . NOT expression
    (19) expression -> . term
    (14) assignment -> . ID SETEQUAL factor
    (15) assignment -> . ID SETEQUAL expression
    (16) assignment -> . ID SETEQUAL ID
    (17) assignment -> . ID SETEQUAL assignment
    (20) term -> . factor
    (21) factor -> . NUMBER
    (22) factor -> . BOOL
    (23) factor -> . LPAREN expression RPAREN

    NOT             shift and go to state 5
    ID              shift and go to state 6
    NUMBER          shift and go to state 7
    BOOL            shift and go to state 8
    LPAREN          shift and go to state 9

    expression                     shift and go to state 22
    assignment                     shift and go to state 2
    term                           shift and go to state 3
    factor                         shift and go to state 4

state 6

    (14) assignment -> ID . SETEQUAL factor
    (15) assignment -> ID . SETEQUAL expression
    (16) assignment -> ID . SETEQUAL ID
    (17) assignment -> ID . SETEQUAL assignment

    SETEQUAL        shift and go to state 23


state 7

    (21) factor -> NUMBER .

    PLUS            reduce using rule 21 (factor -> NUMBER .)
    MINUS           reduce using rule 21 (factor -> NUMBER .)
    TIMES           reduce using rule 21 (factor -> NUMBER .)
    DIVIDE          reduce using rule 21 (factor -> NUMBER .)
    GREATER         reduce using rule 21 (factor -> NUMBER .)
    LESS            reduce using rule 21 (factor -> NUMBER .)
    GREATEREQ       reduce using rule 21 (factor -> NUMBER .)
    LESSEQ          reduce using rule 21 (factor -> NUMBER .)
    EQUAL           reduce using rule 21 (factor -> NUMBER .)
    NOTEQUAL        reduce using rule 21 (factor -> NUMBER .)
    AND             reduce using rule 21 (factor -> NUMBER .)
    OR              reduce using rule 21 (factor -> NUMBER .)
    $end            reduce using rule 21 (factor -> NUMBER .)
    RPAREN          reduce using rule 21 (factor -> NUMBER .)


state 8

    (22) factor -> BOOL .

    PLUS            reduce using rule 22 (factor -> BOOL .)
    MINUS           reduce using rule 22 (factor -> BOOL .)
    TIMES           reduce using rule 22 (factor -> BOOL .)
    DIVIDE          reduce using rule 22 (factor -> BOOL .)
    GREATER         reduce using rule 22 (factor -> BOOL .)
    LESS            reduce using rule 22 (factor -> BOOL .)
    GREATEREQ       reduce using rule 22 (factor -> BOOL .)
    LESSEQ          reduce using rule 22 (factor -> BOOL .)
    EQUAL           reduce using rule 22 (factor -> BOOL .)
    NOTEQUAL        reduce using rule 22 (factor -> BOOL .)
    AND             reduce using rule 22 (factor -> BOOL .)
    OR              reduce using rule 22 (factor -> BOOL .)
    $end            reduce using rule 22 (factor -> BOOL .)
    RPAREN          reduce using rule 22 (factor -> BOOL .)


state 9

    (23) factor -> LPAREN . expression RPAREN
    (1) expression -> . assignment
    (2) expression -> . expression PLUS term
    (3) expression -> . expression MINUS term
    (4) expression -> . expression TIMES factor
    (5) expression -> . expression DIVIDE factor
    (6) expression -> . expression GREATER expression
    (7) expression -> . expression LESS expression
    (8) expression -> . expression GREATEREQ expression
    (9) expression -> . expression LESSEQ expression
    (10) expression -> . expression EQUAL expression
    (11) expression -> . expression NOTEQUAL expression
    (12) expression -> . expression AND expression
    (13) expression -> . expression OR expression
    (18) expression -> . NOT expression
    (19) expression -> . term
    (14) assignment -> . ID SETEQUAL factor
    (15) assignment -> . ID SETEQUAL expression
    (16) assignment -> . ID SETEQUAL ID
    (17) assignment -> . ID SETEQUAL assignment
    (20) term -> . factor
    (21) factor -> . NUMBER
    (22) factor -> . BOOL
    (23) factor -> . LPAREN expression RPAREN

    NOT             shift and go to state 5
    ID              shift and go to state 6
    NUMBER          shift and go to state 7
    BOOL            shift and go to state 8
    LPAREN          shift and go to state 9

    expression                     shift and go to state 24
    assignment                     shift and go to state 2
    term                           shift and go to state 3
    factor                         shift and go to state 4

state 10

    (2) expression -> expression PLUS . term
    (20) term -> . factor
    (21) factor -> . NUMBER
    (22) factor -> . BOOL
    (23) factor -> . LPAREN expression RPAREN

    NUMBER          shift and go to state 7
    BOOL            shift and go to state 8
    LPAREN          shift and go to state 9

    term                           shift and go to state 25
    factor                         shift and go to state 4

state 11

    (3) expression -> expression MINUS . term
    (20) term -> . factor
    (21) factor -> . NUMBER
    (22) factor -> . BOOL
    (23) factor -> . LPAREN expression RPAREN

    NUMBER          shift and go to state 7
    BOOL            shift and go to state 8
    LPAREN          shift and go to state 9

    term                           shift and go to state 26
    factor                         shift and go to state 4

state 12

    (4) expression -> expression TIMES . factor
    (21) factor -> . NUMBER
    (22) factor -> . BOOL
    (23) factor -> . LPAREN expression RPAREN

    NUMBER          shift and go to state 7
    BOOL            shift and go to state 8
    LPAREN          shift and go to state 9

    factor                         shift and go to state 27

state 13

    (5) expression -> expression DIVIDE . factor
    (21) factor -> . NUMBER
    (22) factor -> . BOOL
    (23) factor -> . LPAREN expression RPAREN

    NUMBER          shift and go to state 7
    BOOL            shift and go to state 8
    LPAREN          shift and go to state 9

    factor                         shift and go to state 28

state 14

    (6) expression -> expression GREATER . expression
    (1) expression -> . assignment
    (2) expression -> . expression PLUS term
    (3) expression -> . expression MINUS term
    (4) expression -> . expression TIMES factor
    (5) expression -> . expression DIVIDE factor
    (6) expression -> . expression GREATER expression
    (7) expression -> . expression LESS expression
    (8) expression -> . expression GREATEREQ expression
    (9) expression -> . expression LESSEQ expression
    (10) expression -> . expression EQUAL expression
    (11) expression -> . expression NOTEQUAL expression
    (12) expression -> . expression AND expression
    (13) expression -> . expression OR expression
    (18) expression -> . NOT expression
    (19) expression -> . term
    (14) assignment -> . ID SETEQUAL factor
    (15) assignment -> . ID SETEQUAL expression
    (16) assignment -> . ID SETEQUAL ID
    (17) assignment -> . ID SETEQUAL assignment
    (20) term -> . factor
    (21) factor -> . NUMBER
    (22) factor -> . BOOL
    (23) factor -> . LPAREN expression RPAREN

    NOT             shift and go to state 5
    ID              shift and go to state 6
    NUMBER          shift and go to state 7
    BOOL            shift and go to state 8
    LPAREN          shift and go to state 9

    expression                     shift and go to state 29
    assignment                     shift and go to state 2
    term                           shift and go to state 3
    factor                         shift and go to state 4

state 15

    (7) expression -> expression LESS . expression
    (1) expression -> . assignment
    (2) expression -> . expression PLUS term
    (3) expression -> . expression MINUS term
    (4) expression -> . expression TIMES factor
    (5) expression -> . expression DIVIDE factor
    (6) expression -> . expression GREATER expression
    (7) expression -> . expression LESS expression
    (8) expression -> . expression GREATEREQ expression
    (9) expression -> . expression LESSEQ expression
    (10) expression -> . expression EQUAL expression
    (11) expression -> . expression NOTEQUAL expression
    (12) expression -> . expression AND expression
    (13) expression -> . expression OR expression
    (18) expression -> . NOT expression
    (19) expression -> . term
    (14) assignment -> . ID SETEQUAL factor
    (15) assignment -> . ID SETEQUAL expression
    (16) assignment -> . ID SETEQUAL ID
    (17) assignment -> . ID SETEQUAL assignment
    (20) term -> . factor
    (21) factor -> . NUMBER
    (22) factor -> . BOOL
    (23) factor -> . LPAREN expression RPAREN

    NOT             shift and go to state 5
    ID              shift and go to state 6
    NUMBER          shift and go to state 7
    BOOL            shift and go to state 8
    LPAREN          shift and go to state 9

    expression                     shift and go to state 30
    assignment                     shift and go to state 2
    term                           shift and go to state 3
    factor                         shift and go to state 4

state 16

    (8) expression -> expression GREATEREQ . expression
    (1) expression -> . assignment
    (2) expression -> . expression PLUS term
    (3) expression -> . expression MINUS term
    (4) expression -> . expression TIMES factor
    (5) expression -> . expression DIVIDE factor
    (6) expression -> . expression GREATER expression
    (7) expression -> . expression LESS expression
    (8) expression -> . expression GREATEREQ expression
    (9) expression -> . expression LESSEQ expression
    (10) expression -> . expression EQUAL expression
    (11) expression -> . expression NOTEQUAL expression
    (12) expression -> . expression AND expression
    (13) expression -> . expression OR expression
    (18) expression -> . NOT expression
    (19) expression -> . term
    (14) assignment -> . ID SETEQUAL factor
    (15) assignment -> . ID SETEQUAL expression
    (16) assignment -> . ID SETEQUAL ID
    (17) assignment -> . ID SETEQUAL assignment
    (20) term -> . factor
    (21) factor -> . NUMBER
    (22) factor -> . BOOL
    (23) factor -> . LPAREN expression RPAREN

    NOT             shift and go to state 5
    ID              shift and go to state 6
    NUMBER          shift and go to state 7
    BOOL            shift and go to state 8
    LPAREN          shift and go to state 9

    expression                     shift and go to state 31
    assignment                     shift and go to state 2
    term                           shift and go to state 3
    factor                         shift and go to state 4

state 17

    (9) expression -> expression LESSEQ . expression
    (1) expression -> . assignment
    (2) expression -> . expression PLUS term
    (3) expression -> . expression MINUS term
    (4) expression -> . expression TIMES factor
    (5) expression -> . expression DIVIDE factor
    (6) expression -> . expression GREATER expression
    (7) expression -> . expression LESS expression
    (8) expression -> . expression GREATEREQ expression
    (9) expression -> . expression LESSEQ expression
    (10) expression -> . expression EQUAL expression
    (11) expression -> . expression NOTEQUAL expression
    (12) expression -> . expression AND expression
    (13) expression -> . expression OR expression
    (18) expression -> . NOT expression
    (19) expression -> . term
    (14) assignment -> . ID SETEQUAL factor
    (15) assignment -> . ID SETEQUAL expression
    (16) assignment -> . ID SETEQUAL ID
    (17) assignment -> . ID SETEQUAL assignment
    (20) term -> . factor
    (21) factor -> . NUMBER
    (22) factor -> . BOOL
    (23) factor -> . LPAREN expression RPAREN

    NOT             shift and go to state 5
    ID              shift and go to state 6
    NUMBER          shift and go to state 7
    BOOL            shift and go to state 8
    LPAREN          shift and go to state 9

    expression                     shift and go to state 32
    assignment                     shift and go to state 2
    term                           shift and go to state 3
    factor                         shift and go to state 4

state 18

    (10) expression -> expression EQUAL . expression
    (1) expression -> . assignment
    (2) expression -> . expression PLUS term
    (3) expression -> . expression MINUS term
    (4) expression -> . expression TIMES factor
    (5) expression -> . expression DIVIDE factor
    (6) expression -> . expression GREATER expression
    (7) expression -> . expression LESS expression
    (8) expression -> . expression GREATEREQ expression
    (9) expression -> . expression LESSEQ expression
    (10) expression -> . expression EQUAL expression
    (11) expression -> . expression NOTEQUAL expression
    (12) expression -> . expression AND expression
    (13) expression -> . expression OR expression
    (18) expression -> . NOT expression
    (19) expression -> . term
    (14) assignment -> . ID SETEQUAL factor
    (15) assignment -> . ID SETEQUAL expression
    (16) assignment -> . ID SETEQUAL ID
    (17) assignment -> . ID SETEQUAL assignment
    (20) term -> . factor
    (21) factor -> . NUMBER
    (22) factor -> . BOOL
    (23) factor -> . LPAREN expression RPAREN

    NOT             shift and go to state 5
    ID              shift and go to state 6
    NUMBER          shift and go to state 7
    BOOL            shift and go to state 8
    LPAREN          shift and go to state 9

    expression                     shift and go to state 33
    assignment                     shift and go to state 2
    term                           shift and go to state 3
    factor                         shift and go to state 4

state 19

    (11) expression -> expression NOTEQUAL . expression
    (1) expression -> . assignment
    (2) expression -> . expression PLUS term
    (3) expression -> . expression MINUS term
    (4) expression -> . expression TIMES factor
    (5) expression -> . expression DIVIDE factor
    (6) expression -> . expression GREATER expression
    (7) expression -> . expression LESS expression
    (8) expression -> . expression GREATEREQ expression
    (9) expression -> . expression LESSEQ expression
    (10) expression -> . expression EQUAL expression
    (11) expression -> . expression NOTEQUAL expression
    (12) expression -> . expression AND expression
    (13) expression -> . expression OR expression
    (18) expression -> . NOT expression
    (19) expression -> . term
    (14) assignment -> . ID SETEQUAL factor
    (15) assignment -> . ID SETEQUAL expression
    (16) assignment -> . ID SETEQUAL ID
    (17) assignment -> . ID SETEQUAL assignment
    (20) term -> . factor
    (21) factor -> . NUMBER
    (22) factor -> . BOOL
    (23) factor -> . LPAREN expression RPAREN

    NOT             shift and go to state 5
    ID              shift and go to state 6
    NUMBER          shift and go to state 7
    BOOL            shift and go to state 8
    LPAREN          shift and go to state 9

    expression                     shift and go to state 34
    assignment                     shift and go to state 2
    term                           shift and go to state 3
    factor                         shift and go to state 4

state 20

    (12) expression -> expression AND . expression
    (1) expression -> . assignment
    (2) expression -> . expression PLUS term
    (3) expression -> . expression MINUS term
    (4) expression -> . expression TIMES factor
    (5) expression -> . expression DIVIDE factor
    (6) expression -> . expression GREATER expression
    (7) expression -> . expression LESS expression
    (8) expression -> . expression GREATEREQ expression
    (9) expression -> . expression LESSEQ expression
    (10) expression -> . expression EQUAL expression
    (11) expression -> . expression NOTEQUAL expression
    (12) expression -> . expression AND expression
    (13) expression -> . expression OR expression
    (18) expression -> . NOT expression
    (19) expression -> . term
    (14) assignment -> . ID SETEQUAL factor
    (15) assignment -> . ID SETEQUAL expression
    (16) assignment -> . ID SETEQUAL ID
    (17) assignment -> . ID SETEQUAL assignment
    (20) term -> . factor
    (21) factor -> . NUMBER
    (22) factor -> . BOOL
    (23) factor -> . LPAREN expression RPAREN

    NOT             shift and go to state 5
    ID              shift and go to state 6
    NUMBER          shift and go to state 7
    BOOL            shift and go to state 8
    LPAREN          shift and go to state 9

    expression                     shift and go to state 35
    assignment                     shift and go to state 2
    term                           shift and go to state 3
    factor                         shift and go to state 4

state 21

    (13) expression -> expression OR . expression
    (1) expression -> . assignment
    (2) expression -> . expression PLUS term
    (3) expression -> . expression MINUS term
    (4) expression -> . expression TIMES factor
    (5) expression -> . expression DIVIDE factor
    (6) expression -> . expression GREATER expression
    (7) expression -> . expression LESS expression
    (8) expression -> . expression GREATEREQ expression
    (9) expression -> . expression LESSEQ expression
    (10) expression -> . expression EQUAL expression
    (11) expression -> . expression NOTEQUAL expression
    (12) expression -> . expression AND expression
    (13) expression -> . expression OR expression
    (18) expression -> . NOT expression
    (19) expression -> . term
    (14) assignment -> . ID SETEQUAL factor
    (15) assignment -> . ID SETEQUAL expression
    (16) assignment -> . ID SETEQUAL ID
    (17) assignment -> . ID SETEQUAL assignment
    (20) term -> . factor
    (21) factor -> . NUMBER
    (22) factor -> . BOOL
    (23) factor -> . LPAREN expression RPAREN

    NOT             shift and go to state 5
    ID              shift and go to state 6
    NUMBER          shift and go to state 7
    BOOL            shift and go to state 8
    LPAREN          shift and go to state 9

    expression                     shift and go to state 36
    assignment                     shift and go to state 2
    term                           shift and go to state 3
    factor                         shift and go to state 4

state 22

    (18) expression -> NOT expression .
    (2) expression -> expression . PLUS term
    (3) expression -> expression . MINUS term
    (4) expression -> expression . TIMES factor
    (5) expression -> expression . DIVIDE factor
    (6) expression -> expression . GREATER expression
    (7) expression -> expression . LESS expression
    (8) expression -> expression . GREATEREQ expression
    (9) expression -> expression . LESSEQ expression
    (10) expression -> expression . EQUAL expression
    (11) expression -> expression . NOTEQUAL expression
    (12) expression -> expression . AND expression
    (13) expression -> expression . OR expression

    PLUS            reduce using rule 18 (expression -> NOT expression .)
    MINUS           reduce using rule 18 (expression -> NOT expression .)
    TIMES           reduce using rule 18 (expression -> NOT expression .)
    DIVIDE          reduce using rule 18 (expression -> NOT expression .)
    GREATER         reduce using rule 18 (expression -> NOT expression .)
    LESS            reduce using rule 18 (expression -> NOT expression .)
    GREATEREQ       reduce using rule 18 (expression -> NOT expression .)
    LESSEQ          reduce using rule 18 (expression -> NOT expression .)
    EQUAL           reduce using rule 18 (expression -> NOT expression .)
    NOTEQUAL        reduce using rule 18 (expression -> NOT expression .)
    AND             reduce using rule 18 (expression -> NOT expression .)
    OR              reduce using rule 18 (expression -> NOT expression .)
    $end            reduce using rule 18 (expression -> NOT expression .)
    RPAREN          reduce using rule 18 (expression -> NOT expression .)

  ! PLUS            [ shift and go to state 10 ]
  ! MINUS           [ shift and go to state 11 ]
  ! TIMES           [ shift and go to state 12 ]
  ! DIVIDE          [ shift and go to state 13 ]
  ! GREATER         [ shift and go to state 14 ]
  ! LESS            [ shift and go to state 15 ]
  ! GREATEREQ       [ shift and go to state 16 ]
  ! LESSEQ          [ shift and go to state 17 ]
  ! EQUAL           [ shift and go to state 18 ]
  ! NOTEQUAL        [ shift and go to state 19 ]
  ! AND             [ shift and go to state 20 ]
  ! OR              [ shift and go to state 21 ]


state 23

    (14) assignment -> ID SETEQUAL . factor
    (15) assignment -> ID SETEQUAL . expression
    (16) assignment -> ID SETEQUAL . ID
    (17) assignment -> ID SETEQUAL . assignment
    (21) factor -> . NUMBER
    (22) factor -> . BOOL
    (23) factor -> . LPAREN expression RPAREN
    (1) expression -> . assignment
    (2) expression -> . expression PLUS term
    (3) expression -> . expression MINUS term
    (4) expression -> . expression TIMES factor
    (5) expression -> . expression DIVIDE factor
    (6) expression -> . expression GREATER expression
    (7) expression -> . expression LESS expression
    (8) expression -> . expression GREATEREQ expression
    (9) expression -> . expression LESSEQ expression
    (10) expression -> . expression EQUAL expression
    (11) expression -> . expression NOTEQUAL expression
    (12) expression -> . expression AND expression
    (13) expression -> . expression OR expression
    (18) expression -> . NOT expression
    (19) expression -> . term
    (14) assignment -> . ID SETEQUAL factor
    (15) assignment -> . ID SETEQUAL expression
    (16) assignment -> . ID SETEQUAL ID
    (17) assignment -> . ID SETEQUAL assignment
    (20) term -> . factor

    ID              shift and go to state 37
    NUMBER          shift and go to state 7
    BOOL            shift and go to state 8
    LPAREN          shift and go to state 9
    NOT             shift and go to state 5

    factor                         shift and go to state 38
    expression                     shift and go to state 39
    assignment                     shift and go to state 40
    term                           shift and go to state 3

state 24

    (23) factor -> LPAREN expression . RPAREN
    (2) expression -> expression . PLUS term
    (3) expression -> expression . MINUS term
    (4) expression -> expression . TIMES factor
    (5) expression -> expression . DIVIDE factor
    (6) expression -> expression . GREATER expression
    (7) expression -> expression . LESS expression
    (8) expression -> expression . GREATEREQ expression
    (9) expression -> expression . LESSEQ expression
    (10) expression -> expression . EQUAL expression
    (11) expression -> expression . NOTEQUAL expression
    (12) expression -> expression . AND expression
    (13) expression -> expression . OR expression

    RPAREN          shift and go to state 41
    PLUS            shift and go to state 10
    MINUS           shift and go to state 11
    TIMES           shift and go to state 12
    DIVIDE          shift and go to state 13
    GREATER         shift and go to state 14
    LESS            shift and go to state 15
    GREATEREQ       shift and go to state 16
    LESSEQ          shift and go to state 17
    EQUAL           shift and go to state 18
    NOTEQUAL        shift and go to state 19
    AND             shift and go to state 20
    OR              shift and go to state 21


state 25

    (2) expression -> expression PLUS term .

    PLUS            reduce using rule 2 (expression -> expression PLUS term .)
    MINUS           reduce using rule 2 (expression -> expression PLUS term .)
    TIMES           reduce using rule 2 (expression -> expression PLUS term .)
    DIVIDE          reduce using rule 2 (expression -> expression PLUS term .)
    GREATER         reduce using rule 2 (expression -> expression PLUS term .)
    LESS            reduce using rule 2 (expression -> expression PLUS term .)
    GREATEREQ       reduce using rule 2 (expression -> expression PLUS term .)
    LESSEQ          reduce using rule 2 (expression -> expression PLUS term .)
    EQUAL           reduce using rule 2 (expression -> expression PLUS term .)
    NOTEQUAL        reduce using rule 2 (expression -> expression PLUS term .)
    AND             reduce using rule 2 (expression -> expression PLUS term .)
    OR              reduce using rule 2 (expression -> expression PLUS term .)
    $end            reduce using rule 2 (expression -> expression PLUS term .)
    RPAREN          reduce using rule 2 (expression -> expression PLUS term .)


state 26

    (3) expression -> expression MINUS term .

    PLUS            reduce using rule 3 (expression -> expression MINUS term .)
    MINUS           reduce using rule 3 (expression -> expression MINUS term .)
    TIMES           reduce using rule 3 (expression -> expression MINUS term .)
    DIVIDE          reduce using rule 3 (expression -> expression MINUS term .)
    GREATER         reduce using rule 3 (expression -> expression MINUS term .)
    LESS            reduce using rule 3 (expression -> expression MINUS term .)
    GREATEREQ       reduce using rule 3 (expression -> expression MINUS term .)
    LESSEQ          reduce using rule 3 (expression -> expression MINUS term .)
    EQUAL           reduce using rule 3 (expression -> expression MINUS term .)
    NOTEQUAL        reduce using rule 3 (expression -> expression MINUS term .)
    AND             reduce using rule 3 (expression -> expression MINUS term .)
    OR              reduce using rule 3 (expression -> expression MINUS term .)
    $end            reduce using rule 3 (expression -> expression MINUS term .)
    RPAREN          reduce using rule 3 (expression -> expression MINUS term .)


state 27

    (4) expression -> expression TIMES factor .

    PLUS            reduce using rule 4 (expression -> expression TIMES factor .)
    MINUS           reduce using rule 4 (expression -> expression TIMES factor .)
    TIMES           reduce using rule 4 (expression -> expression TIMES factor .)
    DIVIDE          reduce using rule 4 (expression -> expression TIMES factor .)
    GREATER         reduce using rule 4 (expression -> expression TIMES factor .)
    LESS            reduce using rule 4 (expression -> expression TIMES factor .)
    GREATEREQ       reduce using rule 4 (expression -> expression TIMES factor .)
    LESSEQ          reduce using rule 4 (expression -> expression TIMES factor .)
    EQUAL           reduce using rule 4 (expression -> expression TIMES factor .)
    NOTEQUAL        reduce using rule 4 (expression -> expression TIMES factor .)
    AND             reduce using rule 4 (expression -> expression TIMES factor .)
    OR              reduce using rule 4 (expression -> expression TIMES factor .)
    $end            reduce using rule 4 (expression -> expression TIMES factor .)
    RPAREN          reduce using rule 4 (expression -> expression TIMES factor .)


state 28

    (5) expression -> expression DIVIDE factor .

    PLUS            reduce using rule 5 (expression -> expression DIVIDE factor .)
    MINUS           reduce using rule 5 (expression -> expression DIVIDE factor .)
    TIMES           reduce using rule 5 (expression -> expression DIVIDE factor .)
    DIVIDE          reduce using rule 5 (expression -> expression DIVIDE factor .)
    GREATER         reduce using rule 5 (expression -> expression DIVIDE factor .)
    LESS            reduce using rule 5 (expression -> expression DIVIDE factor .)
    GREATEREQ       reduce using rule 5 (expression -> expression DIVIDE factor .)
    LESSEQ          reduce using rule 5 (expression -> expression DIVIDE factor .)
    EQUAL           reduce using rule 5 (expression -> expression DIVIDE factor .)
    NOTEQUAL        reduce using rule 5 (expression -> expression DIVIDE factor .)
    AND             reduce using rule 5 (expression -> expression DIVIDE factor .)
    OR              reduce using rule 5 (expression -> expression DIVIDE factor .)
    $end            reduce using rule 5 (expression -> expression DIVIDE factor .)
    RPAREN          reduce using rule 5 (expression -> expression DIVIDE factor .)


state 29

    (6) expression -> expression GREATER expression .
    (2) expression -> expression . PLUS term
    (3) expression -> expression . MINUS term
    (4) expression -> expression . TIMES factor
    (5) expression -> expression . DIVIDE factor
    (6) expression -> expression . GREATER expression
    (7) expression -> expression . LESS expression
    (8) expression -> expression . GREATEREQ expression
    (9) expression -> expression . LESSEQ expression
    (10) expression -> expression . EQUAL expression
    (11) expression -> expression . NOTEQUAL expression
    (12) expression -> expression . AND expression
    (13) expression -> expression . OR expression

    GREATER         reduce using rule 6 (expression -> expression GREATER expression .)
    LESS            reduce using rule 6 (expression -> expression GREATER expression .)
    GREATEREQ       reduce using rule 6 (expression -> expression GREATER expression .)
    LESSEQ          reduce using rule 6 (expression -> expression GREATER expression .)
    EQUAL           reduce using rule 6 (expression -> expression GREATER expression .)
    NOTEQUAL        reduce using rule 6 (expression -> expression GREATER expression .)
    AND             reduce using rule 6 (expression -> expression GREATER expression .)
    OR              reduce using rule 6 (expression -> expression GREATER expression .)
    $end            reduce using rule 6 (expression -> expression GREATER expression .)
    RPAREN          reduce using rule 6 (expression -> expression GREATER expression .)
    PLUS            shift and go to state 10
    MINUS           shift and go to state 11
    TIMES           shift and go to state 12
    DIVIDE          shift and go to state 13

  ! PLUS            [ reduce using rule 6 (expression -> expression GREATER expression .) ]
  ! MINUS           [ reduce using rule 6 (expression -> expression GREATER expression .) ]
  ! TIMES           [ reduce using rule 6 (expression -> expression GREATER expression .) ]
  ! DIVIDE          [ reduce using rule 6 (expression -> expression GREATER expression .) ]
  ! GREATER         [ shift and go to state 14 ]
  ! LESS            [ shift and go to state 15 ]
  ! GREATEREQ       [ shift and go to state 16 ]
  ! LESSEQ          [ shift and go to state 17 ]
  ! EQUAL           [ shift and go to state 18 ]
  ! NOTEQUAL        [ shift and go to state 19 ]
  ! AND             [ shift and go to state 20 ]
  ! OR              [ shift and go to state 21 ]


state 30

    (7) expression -> expression LESS expression .
    (2) expression -> expression . PLUS term
    (3) expression -> expression . MINUS term
    (4) expression -> expression . TIMES factor
    (5) expression -> expression . DIVIDE factor
    (6) expression -> expression . GREATER expression
    (7) expression -> expression . LESS expression
    (8) expression -> expression . GREATEREQ expression
    (9) expression -> expression . LESSEQ expression
    (10) expression -> expression . EQUAL expression
    (11) expression -> expression . NOTEQUAL expression
    (12) expression -> expression . AND expression
    (13) expression -> expression . OR expression

    GREATER         reduce using rule 7 (expression -> expression LESS expression .)
    LESS            reduce using rule 7 (expression -> expression LESS expression .)
    GREATEREQ       reduce using rule 7 (expression -> expression LESS expression .)
    LESSEQ          reduce using rule 7 (expression -> expression LESS expression .)
    EQUAL           reduce using rule 7 (expression -> expression LESS expression .)
    NOTEQUAL        reduce using rule 7 (expression -> expression LESS expression .)
    AND             reduce using rule 7 (expression -> expression LESS expression .)
    OR              reduce using rule 7 (expression -> expression LESS expression .)
    $end            reduce using rule 7 (expression -> expression LESS expression .)
    RPAREN          reduce using rule 7 (expression -> expression LESS expression .)
    PLUS            shift and go to state 10
    MINUS           shift and go to state 11
    TIMES           shift and go to state 12
    DIVIDE          shift and go to state 13

  ! PLUS            [ reduce using rule 7 (expression -> expression LESS expression .) ]
  ! MINUS           [ reduce using rule 7 (expression -> expression LESS expression .) ]
  ! TIMES           [ reduce using rule 7 (expression -> expression LESS expression .) ]
  ! DIVIDE          [ reduce using rule 7 (expression -> expression LESS expression .) ]
  ! GREATER         [ shift and go to state 14 ]
  ! LESS            [ shift and go to state 15 ]
  ! GREATEREQ       [ shift and go to state 16 ]
  ! LESSEQ          [ shift and go to state 17 ]
  ! EQUAL           [ shift and go to state 18 ]
  ! NOTEQUAL        [ shift and go to state 19 ]
  ! AND             [ shift and go to state 20 ]
  ! OR              [ shift and go to state 21 ]


state 31

    (8) expression -> expression GREATEREQ expression .
    (2) expression -> expression . PLUS term
    (3) expression -> expression . MINUS term
    (4) expression -> expression . TIMES factor
    (5) expression -> expression . DIVIDE factor
    (6) expression -> expression . GREATER expression
    (7) expression -> expression . LESS expression
    (8) expression -> expression . GREATEREQ expression
    (9) expression -> expression . LESSEQ expression
    (10) expression -> expression . EQUAL expression
    (11) expression -> expression . NOTEQUAL expression
    (12) expression -> expression . AND expression
    (13) expression -> expression . OR expression

    GREATER         reduce using rule 8 (expression -> expression GREATEREQ expression .)
    LESS            reduce using rule 8 (expression -> expression GREATEREQ expression .)
    GREATEREQ       reduce using rule 8 (expression -> expression GREATEREQ expression .)
    LESSEQ          reduce using rule 8 (expression -> expression GREATEREQ expression .)
    EQUAL           reduce using rule 8 (expression -> expression GREATEREQ expression .)
    NOTEQUAL        reduce using rule 8 (expression -> expression GREATEREQ expression .)
    AND             reduce using rule 8 (expression -> expression GREATEREQ expression .)
    OR              reduce using rule 8 (expression -> expression GREATEREQ expression .)
    $end            reduce using rule 8 (expression -> expression GREATEREQ expression .)
    RPAREN          reduce using rule 8 (expression -> expression GREATEREQ expression .)
    PLUS            shift and go to state 10
    MINUS           shift and go to state 11
    TIMES           shift and go to state 12
    DIVIDE          shift and go to state 13

  ! PLUS            [ reduce using rule 8 (expression -> expression GREATEREQ expression .) ]
  ! MINUS           [ reduce using rule 8 (expression -> expression GREATEREQ expression .) ]
  ! TIMES           [ reduce using rule 8 (expression -> expression GREATEREQ expression .) ]
  ! DIVIDE          [ reduce using rule 8 (expression -> expression GREATEREQ expression .) ]
  ! GREATER         [ shift and go to state 14 ]
  ! LESS            [ shift and go to state 15 ]
  ! GREATEREQ       [ shift and go to state 16 ]
  ! LESSEQ          [ shift and go to state 17 ]
  ! EQUAL           [ shift and go to state 18 ]
  ! NOTEQUAL        [ shift and go to state 19 ]
  ! AND             [ shift and go to state 20 ]
  ! OR              [ shift and go to state 21 ]


state 32

    (9) expression -> expression LESSEQ expression .
    (2) expression -> expression . PLUS term
    (3) expression -> expression . MINUS term
    (4) expression -> expression . TIMES factor
    (5) expression -> expression . DIVIDE factor
    (6) expression -> expression . GREATER expression
    (7) expression -> expression . LESS expression
    (8) expression -> expression . GREATEREQ expression
    (9) expression -> expression . LESSEQ expression
    (10) expression -> expression . EQUAL expression
    (11) expression -> expression . NOTEQUAL expression
    (12) expression -> expression . AND expression
    (13) expression -> expression . OR expression

    GREATER         reduce using rule 9 (expression -> expression LESSEQ expression .)
    LESS            reduce using rule 9 (expression -> expression LESSEQ expression .)
    GREATEREQ       reduce using rule 9 (expression -> expression LESSEQ expression .)
    LESSEQ          reduce using rule 9 (expression -> expression LESSEQ expression .)
    EQUAL           reduce using rule 9 (expression -> expression LESSEQ expression .)
    NOTEQUAL        reduce using rule 9 (expression -> expression LESSEQ expression .)
    AND             reduce using rule 9 (expression -> expression LESSEQ expression .)
    OR              reduce using rule 9 (expression -> expression LESSEQ expression .)
    $end            reduce using rule 9 (expression -> expression LESSEQ expression .)
    RPAREN          reduce using rule 9 (expression -> expression LESSEQ expression .)
    PLUS            shift and go to state 10
    MINUS           shift and go to state 11
    TIMES           shift and go to state 12
    DIVIDE          shift and go to state 13

  ! PLUS            [ reduce using rule 9 (expression -> expression LESSEQ expression .) ]
  ! MINUS           [ reduce using rule 9 (expression -> expression LESSEQ expression .) ]
  ! TIMES           [ reduce using rule 9 (expression -> expression LESSEQ expression .) ]
  ! DIVIDE          [ reduce using rule 9 (expression -> expression LESSEQ expression .) ]
  ! GREATER         [ shift and go to state 14 ]
  ! LESS            [ shift and go to state 15 ]
  ! GREATEREQ       [ shift and go to state 16 ]
  ! LESSEQ          [ shift and go to state 17 ]
  ! EQUAL           [ shift and go to state 18 ]
  ! NOTEQUAL        [ shift and go to state 19 ]
  ! AND             [ shift and go to state 20 ]
  ! OR              [ shift and go to state 21 ]


state 33

    (10) expression -> expression EQUAL expression .
    (2) expression -> expression . PLUS term
    (3) expression -> expression . MINUS term
    (4) expression -> expression . TIMES factor
    (5) expression -> expression . DIVIDE factor
    (6) expression -> expression . GREATER expression
    (7) expression -> expression . LESS expression
    (8) expression -> expression . GREATEREQ expression
    (9) expression -> expression . LESSEQ expression
    (10) expression -> expression . EQUAL expression
    (11) expression -> expression . NOTEQUAL expression
    (12) expression -> expression . AND expression
    (13) expression -> expression . OR expression

    EQUAL           reduce using rule 10 (expression -> expression EQUAL expression .)
    NOTEQUAL        reduce using rule 10 (expression -> expression EQUAL expression .)
    AND             reduce using rule 10 (expression -> expression EQUAL expression .)
    OR              reduce using rule 10 (expression -> expression EQUAL expression .)
    $end            reduce using rule 10 (expression -> expression EQUAL expression .)
    RPAREN          reduce using rule 10 (expression -> expression EQUAL expression .)
    PLUS            shift and go to state 10
    MINUS           shift and go to state 11
    TIMES           shift and go to state 12
    DIVIDE          shift and go to state 13
    GREATER         shift and go to state 14
    LESS            shift and go to state 15
    GREATEREQ       shift and go to state 16
    LESSEQ          shift and go to state 17

  ! PLUS            [ reduce using rule 10 (expression -> expression EQUAL expression .) ]
  ! MINUS           [ reduce using rule 10 (expression -> expression EQUAL expression .) ]
  ! TIMES           [ reduce using rule 10 (expression -> expression EQUAL expression .) ]
  ! DIVIDE          [ reduce using rule 10 (expression -> expression EQUAL expression .) ]
  ! GREATER         [ reduce using rule 10 (expression -> expression EQUAL expression .) ]
  ! LESS            [ reduce using rule 10 (expression -> expression EQUAL expression .) ]
  ! GREATEREQ       [ reduce using rule 10 (expression -> expression EQUAL expression .) ]
  ! LESSEQ          [ reduce using rule 10 (expression -> expression EQUAL expression .) ]
  ! EQUAL           [ shift and go to state 18 ]
  ! NOTEQUAL        [ shift and go to state 19 ]
  ! AND             [ shift and go to state 20 ]
  ! OR              [ shift and go to state 21 ]


state 34

    (11) expression -> expression NOTEQUAL expression .
    (2) expression -> expression . PLUS term
    (3) expression -> expression . MINUS term
    (4) expression -> expression . TIMES factor
    (5) expression -> expression . DIVIDE factor
    (6) expression -> expression . GREATER expression
    (7) expression -> expression . LESS expression
    (8) expression -> expression . GREATEREQ expression
    (9) expression -> expression . LESSEQ expression
    (10) expression -> expression . EQUAL expression
    (11) expression -> expression . NOTEQUAL expression
    (12) expression -> expression . AND expression
    (13) expression -> expression . OR expression

    EQUAL           reduce using rule 11 (expression -> expression NOTEQUAL expression .)
    NOTEQUAL        reduce using rule 11 (expression -> expression NOTEQUAL expression .)
    AND             reduce using rule 11 (expression -> expression NOTEQUAL expression .)
    OR              reduce using rule 11 (expression -> expression NOTEQUAL expression .)
    $end            reduce using rule 11 (expression -> expression NOTEQUAL expression .)
    RPAREN          reduce using rule 11 (expression -> expression NOTEQUAL expression .)
    PLUS            shift and go to state 10
    MINUS           shift and go to state 11
    TIMES           shift and go to state 12
    DIVIDE          shift and go to state 13
    GREATER         shift and go to state 14
    LESS            shift and go to state 15
    GREATEREQ       shift and go to state 16
    LESSEQ          shift and go to state 17

  ! PLUS            [ reduce using rule 11 (expression -> expression NOTEQUAL expression .) ]
  ! MINUS           [ reduce using rule 11 (expression -> expression NOTEQUAL expression .) ]
  ! TIMES           [ reduce using rule 11 (expression -> expression NOTEQUAL expression .) ]
  ! DIVIDE          [ reduce using rule 11 (expression -> expression NOTEQUAL expression .) ]
  ! GREATER         [ reduce using rule 11 (expression -> expression NOTEQUAL expression .) ]
  ! LESS            [ reduce using rule 11 (expression -> expression NOTEQUAL expression .) ]
  ! GREATEREQ       [ reduce using rule 11 (expression -> expression NOTEQUAL expression .) ]
  ! LESSEQ          [ reduce using rule 11 (expression -> expression NOTEQUAL expression .) ]
  ! EQUAL           [ shift and go to state 18 ]
  ! NOTEQUAL        [ shift and go to state 19 ]
  ! AND             [ shift and go to state 20 ]
  ! OR              [ shift and go to state 21 ]


state 35

    (12) expression -> expression AND expression .
    (2) expression -> expression . PLUS term
    (3) expression -> expression . MINUS term
    (4) expression -> expression . TIMES factor
    (5) expression -> expression . DIVIDE factor
    (6) expression -> expression . GREATER expression
    (7) expression -> expression . LESS expression
    (8) expression -> expression . GREATEREQ expression
    (9) expression -> expression . LESSEQ expression
    (10) expression -> expression . EQUAL expression
    (11) expression -> expression . NOTEQUAL expression
    (12) expression -> expression . AND expression
    (13) expression -> expression . OR expression

    AND             reduce using rule 12 (expression -> expression AND expression .)
    OR              reduce using rule 12 (expression -> expression AND expression .)
    $end            reduce using rule 12 (expression -> expression AND expression .)
    RPAREN          reduce using rule 12 (expression -> expression AND expression .)
    PLUS            shift and go to state 10
    MINUS           shift and go to state 11
    TIMES           shift and go to state 12
    DIVIDE          shift and go to state 13
    GREATER         shift and go to state 14
    LESS            shift and go to state 15
    GREATEREQ       shift and go to state 16
    LESSEQ          shift and go to state 17
    EQUAL           shift and go to state 18
    NOTEQUAL        shift and go to state 19

  ! PLUS            [ reduce using rule 12 (expression -> expression AND expression .) ]
  ! MINUS           [ reduce using rule 12 (expression -> expression AND expression .) ]
  ! TIMES           [ reduce using rule 12 (expression -> expression AND expression .) ]
  ! DIVIDE          [ reduce using rule 12 (expression -> expression AND expression .) ]
  ! GREATER         [ reduce using rule 12 (expression -> expression AND expression .) ]
  ! LESS            [ reduce using rule 12 (expression -> expression AND expression .) ]
  ! GREATEREQ       [ reduce using rule 12 (expression -> expression AND expression .) ]
  ! LESSEQ          [ reduce using rule 12 (expression -> expression AND expression .) ]
  ! EQUAL           [ reduce using rule 12 (expression -> expression AND expression .) ]
  ! NOTEQUAL        [ reduce using rule 12 (expression -> expression AND expression .) ]
  ! AND             [ shift and go to state 20 ]
  ! OR              [ shift and go to state 21 ]


state 36

    (13) expression -> expression OR expression .
    (2) expression -> expression . PLUS term
    (3) expression -> expression . MINUS term
    (4) expression -> expression . TIMES factor
    (5) expression -> expression . DIVIDE factor
    (6) expression -> expression . GREATER expression
    (7) expression -> expression . LESS expression
    (8) expression -> expression . GREATEREQ expression
    (9) expression -> expression . LESSEQ expression
    (10) expression -> expression . EQUAL expression
    (11) expression -> expression . NOTEQUAL expression
    (12) expression -> expression . AND expression
    (13) expression -> expression . OR expression

    OR              reduce using rule 13 (expression -> expression OR expression .)
    $end            reduce using rule 13 (expression -> expression OR expression .)
    RPAREN          reduce using rule 13 (expression -> expression OR expression .)
    PLUS            shift and go to state 10
    MINUS           shift and go to state 11
    TIMES           shift and go to state 12
    DIVIDE          shift and go to state 13
    GREATER         shift and go to state 14
    LESS            shift and go to state 15
    GREATEREQ       shift and go to state 16
    LESSEQ          shift and go to state 17
    EQUAL           shift and go to state 18
    NOTEQUAL        shift and go to state 19
    AND             shift and go to state 20

  ! PLUS            [ reduce using rule 13 (expression -> expression OR expression .) ]
  ! MINUS           [ reduce using rule 13 (expression -> expression OR expression .) ]
  ! TIMES           [ reduce using rule 13 (expression -> expression OR expression .) ]
  ! DIVIDE          [ reduce using rule 13 (expression -> expression OR expression .) ]
  ! GREATER         [ reduce using rule 13 (expression -> expression OR expression .) ]
  ! LESS            [ reduce using rule 13 (expression -> expression OR expression .) ]
  ! GREATEREQ       [ reduce using rule 13 (expression -> expression OR expression .) ]
  ! LESSEQ          [ reduce using rule 13 (expression -> expression OR expression .) ]
  ! EQUAL           [ reduce using rule 13 (expression -> expression OR expression .) ]
  ! NOTEQUAL        [ reduce using rule 13 (expression -> expression OR expression .) ]
  ! AND             [ reduce using rule 13 (expression -> expression OR expression .) ]
  ! OR              [ shift and go to state 21 ]


state 37

    (16) assignment -> ID SETEQUAL ID .
    (14) assignment -> ID . SETEQUAL factor
    (15) assignment -> ID . SETEQUAL expression
    (16) assignment -> ID . SETEQUAL ID
    (17) assignment -> ID . SETEQUAL assignment

    PLUS            reduce using rule 16 (assignment -> ID SETEQUAL ID .)
    MINUS           reduce using rule 16 (assignment -> ID SETEQUAL ID .)
    TIMES           reduce using rule 16 (assignment -> ID SETEQUAL ID .)
    DIVIDE          reduce using rule 16 (assignment -> ID SETEQUAL ID .)
    GREATER         reduce using rule 16 (assignment -> ID SETEQUAL ID .)
    LESS            reduce using rule 16 (assignment -> ID SETEQUAL ID .)
    GREATEREQ       reduce using rule 16 (assignment -> ID SETEQUAL ID .)
    LESSEQ          reduce using rule 16 (assignment -> ID SETEQUAL ID .)
    EQUAL           reduce using rule 16 (assignment -> ID SETEQUAL ID .)
    NOTEQUAL        reduce using rule 16 (assignment -> ID SETEQUAL ID .)
    AND             reduce using rule 16 (assignment -> ID SETEQUAL ID .)
    OR              reduce using rule 16 (assignment -> ID SETEQUAL ID .)
    $end            reduce using rule 16 (assignment -> ID SETEQUAL ID .)
    RPAREN          reduce using rule 16 (assignment -> ID SETEQUAL ID .)
    SETEQUAL        shift and go to state 23


state 38

    (14) assignment -> ID SETEQUAL factor .
    (20) term -> factor .

  ! reduce/reduce conflict for PLUS resolved using rule 14 (assignment -> ID SETEQUAL factor .)
  ! reduce/reduce conflict for MINUS resolved using rule 14 (assignment -> ID SETEQUAL factor .)
  ! reduce/reduce conflict for TIMES resolved using rule 14 (assignment -> ID SETEQUAL factor .)
  ! reduce/reduce conflict for DIVIDE resolved using rule 14 (assignment -> ID SETEQUAL factor .)
  ! reduce/reduce conflict for GREATER resolved using rule 14 (assignment -> ID SETEQUAL factor .)
  ! reduce/reduce conflict for LESS resolved using rule 14 (assignment -> ID SETEQUAL factor .)
  ! reduce/reduce conflict for GREATEREQ resolved using rule 14 (assignment -> ID SETEQUAL factor .)
  ! reduce/reduce conflict for LESSEQ resolved using rule 14 (assignment -> ID SETEQUAL factor .)
  ! reduce/reduce conflict for EQUAL resolved using rule 14 (assignment -> ID SETEQUAL factor .)
  ! reduce/reduce conflict for NOTEQUAL resolved using rule 14 (assignment -> ID SETEQUAL factor .)
  ! reduce/reduce conflict for AND resolved using rule 14 (assignment -> ID SETEQUAL factor .)
  ! reduce/reduce conflict for OR resolved using rule 14 (assignment -> ID SETEQUAL factor .)
  ! reduce/reduce conflict for $end resolved using rule 14 (assignment -> ID SETEQUAL factor .)
  ! reduce/reduce conflict for RPAREN resolved using rule 14 (assignment -> ID SETEQUAL factor .)
    PLUS            reduce using rule 14 (assignment -> ID SETEQUAL factor .)
    MINUS           reduce using rule 14 (assignment -> ID SETEQUAL factor .)
    TIMES           reduce using rule 14 (assignment -> ID SETEQUAL factor .)
    DIVIDE          reduce using rule 14 (assignment -> ID SETEQUAL factor .)
    GREATER         reduce using rule 14 (assignment -> ID SETEQUAL factor .)
    LESS            reduce using rule 14 (assignment -> ID SETEQUAL factor .)
    GREATEREQ       reduce using rule 14 (assignment -> ID SETEQUAL factor .)
    LESSEQ          reduce using rule 14 (assignment -> ID SETEQUAL factor .)
    EQUAL           reduce using rule 14 (assignment -> ID SETEQUAL factor .)
    NOTEQUAL        reduce using rule 14 (assignment -> ID SETEQUAL factor .)
    AND             reduce using rule 14 (assignment -> ID SETEQUAL factor .)
    OR              reduce using rule 14 (assignment -> ID SETEQUAL factor .)
    $end            reduce using rule 14 (assignment -> ID SETEQUAL factor .)
    RPAREN          reduce using rule 14 (assignment -> ID SETEQUAL factor .)

  ! PLUS            [ reduce using rule 20 (term -> factor .) ]
  ! MINUS           [ reduce using rule 20 (term -> factor .) ]
  ! TIMES           [ reduce using rule 20 (term -> factor .) ]
  ! DIVIDE          [ reduce using rule 20 (term -> factor .) ]
  ! GREATER         [ reduce using rule 20 (term -> factor .) ]
  ! LESS            [ reduce using rule 20 (term -> factor .) ]
  ! GREATEREQ       [ reduce using rule 20 (term -> factor .) ]
  ! LESSEQ          [ reduce using rule 20 (term -> factor .) ]
  ! EQUAL           [ reduce using rule 20 (term -> factor .) ]
  ! NOTEQUAL        [ reduce using rule 20 (term -> factor .) ]
  ! AND             [ reduce using rule 20 (term -> factor .) ]
  ! OR              [ reduce using rule 20 (term -> factor .) ]
  ! $end            [ reduce using rule 20 (term -> factor .) ]
  ! RPAREN          [ reduce using rule 20 (term -> factor .) ]


state 39

    (15) assignment -> ID SETEQUAL expression .
    (2) expression -> expression . PLUS term
    (3) expression -> expression . MINUS term
    (4) expression -> expression . TIMES factor
    (5) expression -> expression . DIVIDE factor
    (6) expression -> expression . GREATER expression
    (7) expression -> expression . LESS expression
    (8) expression -> expression . GREATEREQ expression
    (9) expression -> expression . LESSEQ expression
    (10) expression -> expression . EQUAL expression
    (11) expression -> expression . NOTEQUAL expression
    (12) expression -> expression . AND expression
    (13) expression -> expression . OR expression

    $end            reduce using rule 15 (assignment -> ID SETEQUAL expression .)
    RPAREN          reduce using rule 15 (assignment -> ID SETEQUAL expression .)
    PLUS            shift and go to state 10
    MINUS           shift and go to state 11
    TIMES           shift and go to state 12
    DIVIDE          shift and go to state 13
    GREATER         shift and go to state 14
    LESS            shift and go to state 15
    GREATEREQ       shift and go to state 16
    LESSEQ          shift and go to state 17
    EQUAL           shift and go to state 18
    NOTEQUAL        shift and go to state 19
    AND             shift and go to state 20
    OR              shift and go to state 21

  ! PLUS            [ reduce using rule 15 (assignment -> ID SETEQUAL expression .) ]
  ! MINUS           [ reduce using rule 15 (assignment -> ID SETEQUAL expression .) ]
  ! TIMES           [ reduce using rule 15 (assignment -> ID SETEQUAL expression .) ]
  ! DIVIDE          [ reduce using rule 15 (assignment -> ID SETEQUAL expression .) ]
  ! GREATER         [ reduce using rule 15 (assignment -> ID SETEQUAL expression .) ]
  ! LESS            [ reduce using rule 15 (assignment -> ID SETEQUAL expression .) ]
  ! GREATEREQ       [ reduce using rule 15 (assignment -> ID SETEQUAL expression .) ]
  ! LESSEQ          [ reduce using rule 15 (assignment -> ID SETEQUAL expression .) ]
  ! EQUAL           [ reduce using rule 15 (assignment -> ID SETEQUAL expression .) ]
  ! NOTEQUAL        [ reduce using rule 15 (assignment -> ID SETEQUAL expression .) ]
  ! AND             [ reduce using rule 15 (assignment -> ID SETEQUAL expression .) ]
  ! OR              [ reduce using rule 15 (assignment -> ID SETEQUAL expression .) ]


state 40

    (17) assignment -> ID SETEQUAL assignment .
    (1) expression -> assignment .

  ! reduce/reduce conflict for PLUS resolved using rule 1 (expression -> assignment .)
  ! reduce/reduce conflict for MINUS resolved using rule 1 (expression -> assignment .)
  ! reduce/reduce conflict for TIMES resolved using rule 1 (expression -> assignment .)
  ! reduce/reduce conflict for DIVIDE resolved using rule 1 (expression -> assignment .)
  ! reduce/reduce conflict for GREATER resolved using rule 1 (expression -> assignment .)
  ! reduce/reduce conflict for LESS resolved using rule 1 (expression -> assignment .)
  ! reduce/reduce conflict for GREATEREQ resolved using rule 1 (expression -> assignment .)
  ! reduce/reduce conflict for LESSEQ resolved using rule 1 (expression -> assignment .)
  ! reduce/reduce conflict for EQUAL resolved using rule 1 (expression -> assignment .)
  ! reduce/reduce conflict for NOTEQUAL resolved using rule 1 (expression -> assignment .)
  ! reduce/reduce conflict for AND resolved using rule 1 (expression -> assignment .)
  ! reduce/reduce conflict for OR resolved using rule 1 (expression -> assignment .)
  ! reduce/reduce conflict for $end resolved using rule 1 (expression -> assignment .)
  ! reduce/reduce conflict for RPAREN resolved using rule 1 (expression -> assignment .)
    PLUS            reduce using rule 1 (expression -> assignment .)
    MINUS           reduce using rule 1 (expression -> assignment .)
    TIMES           reduce using rule 1 (expression -> assignment .)
    DIVIDE          reduce using rule 1 (expression -> assignment .)
    GREATER         reduce using rule 1 (expression -> assignment .)
    LESS            reduce using rule 1 (expression -> assignment .)
    GREATEREQ       reduce using rule 1 (expression -> assignment .)
    LESSEQ          reduce using rule 1 (expression -> assignment .)
    EQUAL           reduce using rule 1 (expression -> assignment .)
    NOTEQUAL        reduce using rule 1 (expression -> assignment .)
    AND             reduce using rule 1 (expression -> assignment .)
    OR              reduce using rule 1 (expression -> assignment .)
    $end            reduce using rule 1 (expression -> assignment .)
    RPAREN          reduce using rule 1 (expression -> assignment .)

  ! PLUS            [ reduce using rule 17 (assignment -> ID SETEQUAL assignment .) ]
  ! MINUS           [ reduce using rule 17 (assignment -> ID SETEQUAL assignment .) ]
  ! TIMES           [ reduce using rule 17 (assignment -> ID SETEQUAL assignment .) ]
  ! DIVIDE          [ reduce using rule 17 (assignment -> ID SETEQUAL assignment .) ]
  ! GREATER         [ reduce using rule 17 (assignment -> ID SETEQUAL assignment .) ]
  ! LESS            [ reduce using rule 17 (assignment -> ID SETEQUAL assignment .) ]
  ! GREATEREQ       [ reduce using rule 17 (assignment -> ID SETEQUAL assignment .) ]
  ! LESSEQ          [ reduce using rule 17 (assignment -> ID SETEQUAL assignment .) ]
  ! EQUAL           [ reduce using rule 17 (assignment -> ID SETEQUAL assignment .) ]
  ! NOTEQUAL        [ reduce using rule 17 (assignment -> ID SETEQUAL assignment .) ]
  ! AND             [ reduce using rule 17 (assignment -> ID SETEQUAL assignment .) ]
  ! OR              [ reduce using rule 17 (assignment -> ID SETEQUAL assignment .) ]
  ! $end            [ reduce using rule 17 (assignment -> ID SETEQUAL assignment .) ]
  ! RPAREN          [ reduce using rule 17 (assignment -> ID SETEQUAL assignment .) ]


state 41

    (23) factor -> LPAREN expression RPAREN .

    PLUS            reduce using rule 23 (factor -> LPAREN expression RPAREN .)
    MINUS           reduce using rule 23 (factor -> LPAREN expression RPAREN .)
    TIMES           reduce using rule 23 (factor -> LPAREN expression RPAREN .)
    DIVIDE          reduce using rule 23 (factor -> LPAREN expression RPAREN .)
    GREATER         reduce using rule 23 (factor -> LPAREN expression RPAREN .)
    LESS            reduce using rule 23 (factor -> LPAREN expression RPAREN .)
    GREATEREQ       reduce using rule 23 (factor -> LPAREN expression RPAREN .)
    LESSEQ          reduce using rule 23 (factor -> LPAREN expression RPAREN .)
    EQUAL           reduce using rule 23 (factor -> LPAREN expression RPAREN .)
    NOTEQUAL        reduce using rule 23 (factor -> LPAREN expression RPAREN .)
    AND             reduce using rule 23 (factor -> LPAREN expression RPAREN .)
    OR              reduce using rule 23 (factor -> LPAREN expression RPAREN .)
    $end            reduce using rule 23 (factor -> LPAREN expression RPAREN .)
    RPAREN          reduce using rule 23 (factor -> LPAREN expression RPAREN .)

WARNING: 
WARNING: Conflicts:
WARNING: 
WARNING: reduce/reduce conflict in state 38 resolved using rule (assignment -> ID SETEQUAL factor)
WARNING: rejected rule (term -> factor) in state 38
WARNING: reduce/reduce conflict in state 40 resolved using rule (expression -> assignment)
WARNING: rejected rule (assignment -> ID SETEQUAL assignment) in state 40
WARNING: Rule (assignment -> ID SETEQUAL assignment) is never reduced
